+----------------------------
| OPTISHAPE-TS Started
+----------------------------
OPTISHAPE-TS 2019 Topology Module 
Topology Optimization Program based on H1 Gradient Method
Copyright(C) 2003-2019 Quint Corporation
Release 0 Build Nov 25 2019
Platform: WINDOWS EM64T
Windows Version: 10.0 (Windows 10) 
CPU: Intel64(AMD64)  Family:6(0x006)  Model:158(0x9E)  Stepping:12(0xC)
Number of Logical Threads:  8 = 1[CPU] * 8[Core/CPU] * 1[Thread/Core]
  L1I Cache: 8*32[KB] 8-way set assoc. 64[B] line
  L1D Cache: 8*32[KB] 8-way set assoc. 64[B] line
  L2 Cache:  8*256[KB] 4-way set assoc. 64[B] line
  L3 Cache:  1*12288[KB] 12-way set assoc. 64[B] line
Physical Memory:   Total: 23.9[GB]   Used : 10.3[GB]   Free : 13.6[GB]
Page File      :   Total: 27.4[GB]   Used : 17.0[GB]   Free : 10.3[GB]

| WARNING 11041: Intel MKL Pardiso ソルバー(STATIC_SOLVER_TYPE = 4)を使用する際は，パラメータ MEMORY_GRADUALLY_INCREASE_FLAG が強制的に 1 になります．この機能制限は将来のバージョンで削除予定です．
03/31/20 21:54:42 : Reading parameter file [param\0.01_smooth1.0.txt] ... OK
03/31/20 21:54:42 : Available work area : 16000[MBytes]
--- License System Configuration ---
Environment Variable :
  QUINT_LICENSE_FILE=@127.0.0.1
  LM_LICENSE_FILE=
Windows Registry Entry :
  Key  : HKEY_LOCAL_MACHINE\SOFTWARE\FLEXlm License Manager
    Name : QUINT_LICENSE_FILE  ... not found
    Name : LM_LICENSE_FILE     ... not found
  Key  : HKEY_CURRENT_USER\Software\FLEXlm License Manager  ... not found
Parameter File :
  QUINT_LICENSE_FILE = 
------------------------------------
--- Quint License System Information ---
  OPT_SL     : 365 days until expiration
  OPT_SL_SEA : 365 days until expiration
----------------------------------------
03/31/20 21:54:42 : Checking licenses started.
Program license
  Feature: OPT_SL
  Version: 2019.00
SE(Large scale analysis) option license
  Feature: OPT_SL_SEA
  Version: 2019.00
03/31/20 21:54:42 : The program license was obtained successfully.
03/31/20 21:54:42 : SE(Large scale analysis) option license was obtained successfully.
--- Parameters ---
$ **********************************************************
$ 定数
$ **********************************************************
$ 最適化の種類
OPT_TYPE_ANALYSIS = 0
OPT_TYPE_SHAPE    = 1
OPT_TYPE_TOPOLOGY = 2
OPT_TYPE_LEVEL_SET= 4
OPT_TYPE_BEAD     = 5

$ 評価関数の種類
FUNC_TOTAL_VOLUME = 1
FUNC_DESIGN_VOLUME = 2
FUNC_TOTAL_MASS = 3
FUNC_DESIGN_MASS = 4
FUNC_INERTIA_MOMENT = 5
FUNC_SURF_AREA = 6
FUNC_SHAPE_VARIATION = 7
FUNC_CGRAV_DIST = 8
FUNC_THICKNESS_SHORTAGE = 11
FUNC_UNDERCUT = 12
FUNC_THICKNESS_SURPLUS = 13
FUNC_OVERLAP_VOLUME = 21
FUNC_DEFICIT_VOLUME = 22
FUNC_DEVIATION_VOLUME = 23
FUNC_COMPLIANCE = 101
FUNC_MISES_STRESS = 102
FUNC_PR_STRESS = 103
FUNC_PR_STRAIN = 104
FUNC_SHEAR_STRESS = 105
FUNC_DISP = 106
FUNC_APR_STRAIN = 107
FUNC_MIN_PR_STRESS = 108
FUNC_MIN_PR_STRAIN = 109
FUNC_MAX_MISES_STRESS = 110
FUNC_MAX_DISP = 111
FUNC_MAG_DISP = 113
FUNC_EIGENVALUE = 201
FUNC_EIGEN_DISP = 202
FUNC_EIGEN_DIFF = 203
FUNC_NATURAL_FREQUENCY = 204
FUNC_THERMAL_STRESS = 301
FUNC_THERMAL_DISP = 302
FUNC_BUCKLING_LOAD = 401
FUNC_EQUIV_ALT_STRESS = 501
FUNC_NL_COMPLIANCE = 601
FUNC_FREQ_DISP = 701
FUNC_FREQ_VELO = 702
FUNC_FREQ_ACCEL = 703
FUNC_FREQ_NORMAL_A = 704
FUNC_FREQ_NORMAL_P = 705
FUNC_FLUID_PLIN = 801
FUNC_FLUID_PDB = 802
FUNC_BEAD_OFFSET_AREA = 901
FUNC_BEAD_GRAY_AREA_1 = 903
FUNC_BEAD_ROUGHNESS = 904
FUNC_BEAD_GRAY_AREA_2 = 905
FUNC_PLUGIN_STATIC = 1001
FUNC_PLUGIN_GENERAL = 1002

$ 評価関数の評価方法
FUNC_METHOD_RATIO = 0
FUNC_METHOD_ABSOLUTE = 1

$ 形状変動制限の種類
SHAPE_RESTRICT_SECTION = 1
SHAPE_RESTRICT_CASTING = 2
SHAPE_RESTRICT_PLANE = 3
SHAPE_RESTRICT_CYLINDER = 4
SHAPE_RESTRICT_SIM_SECTION = 5
SHAPE_RESTRICT_TANGENTIAL_VARIATION = 6
SHAPE_RESTRICT_WALL = 7
SHAPE_RESTRICT_THICKNESS = 8
SHAPE_RESTRICT_UNIFORM_THICKNESS = 9
SHAPE_RESTRICT_BEAD_GRAD = 13

$ 形状変動制限の種類
LEVEL_SET_RESTRICT_UNDERCUT = 1

$ トポロジー密度変動制限の種類
TOPO_RESTRICT_SECTION = 1
TOPO_RESTRICT_SYMMETRY = 2
TOPO_RESTRICT_SYMMETRY_SECTION = 3
TOPO_RESTRICT_QUARTER = 4
TOPO_RESTRICT_QUARTER_SECTION = 5
TOPO_RESTRICT_CYLINDER = 6
TOPO_RESTRICT_AXISYMMETRY = 7
TOPO_RESTRICT_USER = 8
TOPO_RESTRICT_USER_SECTION = 9

$ トポロジー密度変動制限の指定方法
TOPO_RESTRICT_METHOD_COORD = 0
TOPO_RESTRICT_METHOD_BEAM = 1

$ 解析ソルバーの種類
STATIC_SPARSE = 1
STATIC_ICCG = 3
STATIC_PARDISO = 4
EIGEN_SUBSPACE = 11
EIGEN_LANCZOS = 12

$ 数学定数
PI = 3.1415926535898

$ **********************************************************
$ 共通パラメータ
$ **********************************************************
$ 最適化の種類
OPTIMIZE_TYPE = OPT_TYPE_TOPOLOGY

$ 目的関数
$ Format: { {{function, method}, weighting_factor, subcase, mode, dummy, coordinate, {property...}, {extra_subcase...}}, ...}
OBJECT_FUNC = { {{FUNC_COMPLIANCE, FUNC_METHOD_RATIO}, 1.0000e+000,  1,  0,  0,  0, {}, {}},\
                {{FUNC_COMPLIANCE, FUNC_METHOD_RATIO}, 1.0000e-002,  2,  0,  0,  0, {}, {}} }

$ 制約関数
$ Format: { {{function, method}, constraint_value, subcase, mode, flag, coordinate, {property...}, {extra_subcase...}}, ...}
CONST_FUNC =  { {{FUNC_TOTAL_VOLUME, FUNC_METHOD_RATIO}, 5.0000e-001,  0,  0,  0,  0, {}, {}} }

$ 計算機ごとの設定
SCRATCH_DIR = "."
OUTPUT_DIR = "."
MEM_SIZE = 16000
MEMORY_GRADUALLY_INCREASE_FLAG = 1
SE_OPTION = 1
PARALLEL_THREAD = 8
PARALLEL_PROCESS = 0
QUINT_LICENSE_FILE = 
QUINT_LICENSE_RETRY = 1

$ 解析共通パラメータ
STATIC_SOLVER_TYPE = STATIC_PARDISO
EIGEN_SOLVER_TYPE = EIGEN_LANCZOS
EIGEN_MODE_INC = 1
EXTRA_EIGEN_MODE_INC = -1
VECT_BUF_SIZE = 0
SAVE_VECT_FLAG = 1
MODE_TRACK_TYPE = 2
CG_TOL =  1.0000e+000
$ Format:{{subcase, {element id, ...} (, {property id, ...}) }, ...}
DISABLE_ELEMENT = {  }

$ 最適化共通パラメータ
IT_MAX = 50
NONDESIGN_PROP = { }

$ 接触解析
$ Format: { {subcase, {property, ...} }, ...}
CONTACT_ANALYSIS = {  }
CONTACT_PENALTY = { 1.0000e-001,  1.0000e+004,  1.0000e+004,  1.0000e+001}
CONTACT_TOL = { 1.0000e-003,  1.0000e-003,  1.0000e-020,  1.0000e-003}
CONTACT_IT = {40, 30, 10}
CONTACT_NORMAL_ANGLE_THRESHOLD =  1.5000e+002

$ 大変形解析
$ Format: { {subcase, {{load factor, compliance}, ...} }, ...}
NL_ANALYSIS = {  }
$ Format: { {subcase, {property, ...} }, ...}
NL_ANALYSIS_CONTACT = {  }
NL_CONTACT_PENALTY =  1.0000e+004
NL_CONTACT_TOL = { 1.0000e-003,  1.0000e-020,  1.0000e-003}
NL_CONTACT_IT = 40
NL_CONTACT_NORMAL_ANGLE_THRESHOLD =  1.5000e+002

$ プラグイン
PLUGIN_NAME1 = {  }
PLUGIN_NAME2 = {  }
PLUGIN_NAME_GEN = {  }
PLUGIN_DEBUG = 0
PLUGIN_RELEASE_LICENSE = 0

$ **********************************************************
$ 形状最適化専用パラメータ
$ **********************************************************
$ 形状最適化の重要パラメータ
SHAPE_CONST_SUBCASE = 0

$ 評価関数の重要パラメータ
AVERAGE_STRESS_STRAIN = 2
FAT_TYPE = 1
$ Format: { {group id, {{subcase, weight}, ...}, strength}, ...}
SUBCASE_GROUP = {  }
MINIMUM_THICKNESS =  0.0000e+000
DRAFT_ANGLE =  0.0000e+000
MAXIMUM_THICKNESS =  0.0000e+000
DEVIATION_VOLUME = 0
DEFICIT_VOLUME = 0
OVERLAP_VOLUME = 0
FREQ_NORMAL_SET = {  }
FREQ_NORMAL_ANGLE_NUM = 30


$ 評価関数のオプションパラメータ
EVAL_SHAPE_VARIATION = { 1.0000e+000,  2.0000e+000,  0.0000e+000}
VOLUME_SHIFT =  1.0000e-003

$ 形状変動制限
$ Format: { {type, {property, ...}, coordinate, dimension}, ...}
SHAPE_RESTRICT = {  }
SHAPE_RESTRICT_WALL_PROP = 0

$ 板厚最適化
$ Format: {{property, minimum thickness, maximum thickness}, ...}
SHAPE_PLATE_VARIABLE = {  }

$ 形状最適化のオプションパラメータ
SHAPE_CONV_TOL =  1.0000e-004
SHAPE_NR_MAX = {2, 4}
SHAPE_NR_TYPE = 0
SHAPE_SUBJ_TOL_UPPER = { 2.0000e-002,  5.0000e-003}
SHAPE_SUBJ_TOL_LOWER = { 2.0000e-002,  5.0000e-003}
SHAPE_CONVERGED_LIMIT = { 1.0000e+002,  1.0000e-002}
SHAPE_CONST_CORRECT = { }
SHAPE_CONST_CORRECT_PROP = { }
SHAPE_REDUCE_FLAG = 1
$ Format: {Initial Value, Maximum Value, Minimum Value}
SHAPE_NORMAL_FACT = { 5.0000e-002,  5.0000e-001,  5.0000e-003}
SHAPE_ROBUST_FACT =  0.0000e+000
$ Format: {Allowable Maximum Strain, Allowable Error Factor, Allowable Correcting Factor}
SHAPE_MAX_STR = { 1.0000e-001,  9.5000e-001,  4.0960e+003}
$ Format: {強度, 影響範囲, RBE3 強度, RBE3 感度係数}
SHAPE_RESTRICT_INTENSITY = { 1.0000e+000,  1.0000e+000,  1.0000e+000,  1.0000e+000}
SHAPE_RESTRICT_PROP_BOUND = 0
SHAPE_RESTRICT_RBE3 = 1
SHAPE_EXTRACT_MAX_FACT = { 3.0000e+001,  5.0000e-001}
SHAPE_REMESH_FACT =  1.0000e-002
SHAPE_REMESH_STEP =  { }
SHAPE_REMESH_PROP =  { }

$ **********************************************************
$ トポロジー最適化専用パラメータ
$ **********************************************************
$ トポロジー密度変動制限
$ Format: { {type, {property, ...}, coordinate or EID, length, extra_int, extra_double}, ...}
TOPO_RESTRICT = {  }

$ 型抜きトポロジー最適化の指定
TOPO_DRAW_FLAG = 0
TOPO_DRAW_BASE_COORD = 0
TOPO_DRAW_ZOOM_NUM = 2
TOPO_DRAW_SMOOTH_LENGTH =  0.0000e+000
$ 抜き方向の指定
$ Format: { {Coord ID, Negative(-1) or Positive(Default)  Direction, {Property ID, ...} }, ...}
TOPO_DRAW = {  }

$ トポロジー最適化のオプションパラメータ
TOPO_CONST_SUBCASE = 0
TOPO_CONV_TOL =  1.0000e-004
TOPO_SUBJ_TOL_UPPER = { 2.0000e-002,  5.0000e-003}
TOPO_SUBJ_TOL_LOWER = { 2.0000e-002,  5.0000e-003}
TOPO_NR_MAX = {1, 1}
TOPO_SEGMENTATION_FLAG = 1
TOPO_INIT_MODIFICATION = 0
TOPO_SMOOTH_FACT =  1.0000e+000
TOPO_BETA_FLAG = 0
TOPO_INIT_ZERO_PROP = { }
TOPO_INIT_DENS_IT = -1
TOPO_INIT_DENS_FILE = ""
TOPO_MOVELIMIT =  0.0000e+000
TOPO_BASE_THICKNESS = { }

$ 固有振動数最大化における静剛性重み
$ Format: { {Subcase ID, weight}, ...}
TOPO_EIGEN_STIFF = { {1,  8.0000e-001},\
                         {2,  8.0000e-001} }

$ 細い部材の抑制機能
$ Format: { {length, {property, ...} }, ...}
TOPO_MIN_MEMBER_FILTER = {  }

$ **********************************************************
$ レベルセット法形状最適化専用パラメータ
$ **********************************************************
$ レベルセット法形状最適化の重要パラメータ
LEVEL_SET_EFFECT_LENGTH =  0.00000e+000
LEVEL_SET_CONST_SUBCASE = 0

$ 形状変動制限
$ Format: { {type, {property, ...}, coordinate, dimension}, ...}
LEVEL_SET_RESTRICT = {  }

$ レベルセット法形状最適化のオプションパラメータ
LEVEL_SET_STL_THRESHOLD =  5.00000e-001
LEVEL_SET_HOLE = {  }

$ **********************************************************
$ ビード最適化専用パラメータ
$ **********************************************************
$ ビード最適化の重要パラメータ
BEAD_VARIABLE = {  }
BEAD_INIT_HEIGHT_RATIO =  5.0000000e-001
BEAD_CONST_SUBCASE = 0

$ ビード最適化のオプションパラメータ
BEAD_MOVELIMIT =  5.0000e-001
BEAD_INIT_HEIGHT_FILE = ""
BEAD_FUNC_METHOD = 1

$ **********************************************************
$ 出力ファイル
$ **********************************************************
$ FEM モデル (Nastran Bulk Data フォーマット)
OUTPUT_BULK =  { }
DISABLE_OUTPUT_BULK_DATA = {  }

$ 解析，最適化結果 (Nastran OUTPUT2 フォーマット)
OUTPUT_OP2 =   { }
OUTPUT_SENSITIVITY = 1
OUTPUT_SENSITIVITY_VECTOR = 0
OUTPUT_EIGEN_MODE = 1
OUTPUT_STRESS = 0
OUTPUT_STRAIN = 0
DISABLE_OUTPUT_PROP = { }

$ そのほかのファイル
OUTPUT_FEMAP = 
OUTPUT_STL =   
OUTPUT_IDEAS = 
OUTPUT_DVGRID = 
OUTPUT_ANSYS = 
ANSYS_REFERENCE_FILE = ""

OUTPUT_ALL_PARAM = 1

PARAMETER_FORMAT_VERSION = 2018

------------------
+-- Optimization Control Summary ---
| Number of Objective Functions : 2
| Number of Constraint Functions : 1
| Number of Iterations : 50
+-----------------------------------
03/31/20 21:54:42 : Reading bulk data file [bdf/new_point5.bdf] started.
03/31/20 21:54:45 : Reading bulk data file [bdf/new_point5.bdf] finished.
--- Bulk data summary ---
Element : 29751
    CHEXA : 29750
    RBE2 : 1
Node : 60372
Material : 1
    MAT1 : 1
Property : 1
    PSOLID : 1
B.C. on node: 2107
    SPC : 1406
    MPC : 504
    FORCE : 197
B.C. on element : 0
B.C. on model : 0
Local coordinate system : 0
Direct matrix input : 0
Table : 0
Frequency set : 0
Subcase : 2
Parameter : -1
    GRDPNT    = -1
    INREL     = 0
    WTMASS    =  1.000e+000
    G         =  0.000e+000
    GFL       =  0.000e+000
Rejected data : 0
-------------------------
03/31/20 21:54:45 : Data check ... OK.
Available memory amount : 16000 [MBytes]
Available thread number : 8
03/31/20 21:54:49 : Initializing work arrays ... OK
03/31/20 21:54:50 : === Initial step started ===
03/31/20 21:54:51 : Static analysis [subcase1] started.
Intel(R) MKL PARDISO: [Sym][202-523MB][Num][Tri][742MB]...finished.
03/31/20 21:54:56 : Static analysis [subcase1] finished.
03/31/20 21:54:56 : Sensitivity analysis started.
03/31/20 21:54:57 : Sensitivity analysis finished.
03/31/20 21:54:57 : Static analysis [subcase2] started.
Intel(R) MKL PARDISO: [Sym][202-523MB][Num][Tri][709MB]...finished.
03/31/20 21:55:00 : Static analysis [subcase2] finished.
03/31/20 21:55:00 : Sensitivity analysis started.
03/31/20 21:55:01 : Sensitivity analysis finished.
03/31/20 21:55:02 : Writing bulk data file ... OK
03/31/20 21:55:02 : === Initial step finished ===
+-- Objective/Constraint functions ---
| Iteration number 0
| Objective function [  1] :  5.0000000e+000 (100.000%)
| Objective function [  2] :  2.3388473e+000 (100.000%)
| Objective function [sum] :  1.0100000e+000 (100.000%)
| Constraint function[  1] :  3.9999998e+004 (200.000%)
+---------------------------------------
| More 16 min. 40 sec. will be needed.
+-------------------------------------
03/31/20 21:55:02 : === Optimization step 1 started ===
03/31/20 21:55:02 : Speed analysis started.
03/31/20 21:55:08 : Speed analysis finished.
03/31/20 21:55:08 : Topology Optimization started.
03/31/20 21:55:12 : Topology Optimization finished.
03/31/20 21:55:13 : Static analysis [subcase1] started.
Intel(R) MKL PARDISO: [Sym][199-517MB][Num][Tri][668MB]...finished.
03/31/20 21:55:17 : Static analysis [subcase1] finished.
03/31/20 21:55:17 : Sensitivity analysis started.
03/31/20 21:55:18 : Sensitivity analysis finished.
03/31/20 21:55:18 : Static analysis [subcase2] started.
Intel(R) MKL PARDISO: [Sym][199-517MB][Num][Tri][676MB]...finished.
03/31/20 21:55:21 : Static analysis [subcase2] finished.
03/31/20 21:55:21 : Sensitivity analysis started.
03/31/20 21:55:22 : Sensitivity analysis finished.
03/31/20 21:55:23 : Writing bulk data file ... OK
03/31/20 21:55:23 : === Optimization step 1 finished ===
+-- Objective/Constraint functions ---
| Iteration number 1
| Objective function [  1] :  5.7917716e+000 (115.835%)
| Objective function [  2] :  2.5777717e+000 (110.215%)
| Objective function [sum] :  1.1693759e+000 (115.780%)
| Constraint function[  1] :  3.7200060e+004 (186.000%)
+---------------------------------------
| More 16 min. 44 sec. will be needed.
+-------------------------------------
03/31/20 21:55:23 : === Optimization step 2 started ===
03/31/20 21:55:23 : Speed analysis started.
03/31/20 21:55:29 : Speed analysis finished.
03/31/20 21:55:29 : Topology Optimization started.
03/31/20 21:55:32 : Topology Optimization finished.
03/31/20 21:55:32 : Static analysis [subcase1] started.
Intel(R) MKL PARDISO: [Sym][199-518MB][Num][Tri][688MB]...finished.
03/31/20 21:55:37 : Static analysis [subcase1] finished.
03/31/20 21:55:37 : Sensitivity analysis started.
03/31/20 21:55:38 : Sensitivity analysis finished.
03/31/20 21:55:38 : Static analysis [subcase2] started.
Intel(R) MKL PARDISO: [Sym][199-518MB][Num][Tri][669MB]...finished.
03/31/20 21:55:41 : Static analysis [subcase2] finished.
03/31/20 21:55:41 : Sensitivity analysis started.
03/31/20 21:55:42 : Sensitivity analysis finished.
03/31/20 21:55:43 : Writing bulk data file ... OK
03/31/20 21:55:43 : === Optimization step 2 finished ===
+-- Objective/Constraint functions ---
| Iteration number 2
| Objective function [  1] :  6.8175286e+000 (136.351%)
| Objective function [  2] :  3.5291894e+000 (150.894%)
| Objective function [sum] :  1.3785952e+000 (136.495%)
| Constraint function[  1] :  3.4650898e+004 (173.255%)
+---------------------------------------
| More 16 min. 16 sec. will be needed.
+-------------------------------------
03/31/20 21:55:43 : === Optimization step 3 started ===
03/31/20 21:55:43 : Speed analysis started.
03/31/20 21:55:48 : Speed analysis finished.
03/31/20 21:55:48 : Topology Optimization started.
03/31/20 21:55:51 : Topology Optimization finished.
03/31/20 21:55:52 : Static analysis [subcase1] started.
Intel(R) MKL PARDISO: [Sym][199-518MB][Num][Tri][664MB]...finished.
03/31/20 21:55:57 : Static analysis [subcase1] finished.
03/31/20 21:55:57 : Sensitivity analysis started.
03/31/20 21:55:58 : Sensitivity analysis finished.
03/31/20 21:55:58 : Static analysis [subcase2] started.
Intel(R) MKL PARDISO: [Sym][199-518MB][Num][Tri][664MB]...finished.
03/31/20 21:56:01 : Static analysis [subcase2] finished.
03/31/20 21:56:01 : Sensitivity analysis started.
03/31/20 21:56:02 : Sensitivity analysis finished.
03/31/20 21:56:03 : Writing bulk data file ... OK
03/31/20 21:56:03 : === Optimization step 3 finished ===
+-- Objective/Constraint functions ---
| Iteration number 3
| Objective function [  1] :  7.6669515e+000 (153.339%)
| Objective function [  2] :  3.5026582e+000 (149.760%)
| Objective function [sum] :  1.5483663e+000 (153.304%)
| Constraint function[  1] :  3.2322642e+004 (161.613%)
+---------------------------------------
| More 15 min. 51 sec. will be needed.
+-------------------------------------
03/31/20 21:56:03 : === Optimization step 4 started ===
03/31/20 21:56:03 : Speed analysis started.
03/31/20 21:56:09 : Speed analysis finished.
03/31/20 21:56:09 : Topology Optimization started.
03/31/20 21:56:11 : Topology Optimization finished.
03/31/20 21:56:12 : Static analysis [subcase1] started.
Intel(R) MKL PARDISO: [Sym][199-518MB][Num][Tri][668MB]...finished.
03/31/20 21:56:17 : Static analysis [subcase1] finished.
03/31/20 21:56:17 : Sensitivity analysis started.
03/31/20 21:56:18 : Sensitivity analysis finished.
03/31/20 21:56:18 : Static analysis [subcase2] started.
Intel(R) MKL PARDISO: [Sym][200-561MB][Num][Tri][788MB]...finished.
03/31/20 21:56:21 : Static analysis [subcase2] finished.
03/31/20 21:56:21 : Sensitivity analysis started.
03/31/20 21:56:22 : Sensitivity analysis finished.
03/31/20 21:56:23 : Writing bulk data file ... OK
03/31/20 21:56:24 : === Optimization step 4 finished ===
+-- Objective/Constraint functions ---
| Iteration number 4
| Objective function [  1] :  9.0079463e+000 (180.159%)
| Objective function [  2] :  3.7330669e+000 (159.611%)
| Objective function [sum] :  1.8175504e+000 (179.955%)
| Constraint function[  1] :  3.0190356e+004 (150.952%)
+---------------------------------------
| More 15 min. 38 sec. will be needed.
+-------------------------------------
03/31/20 21:56:24 : === Optimization step 5 started ===
03/31/20 21:56:24 : Speed analysis started.
03/31/20 21:56:30 : Speed analysis finished.
03/31/20 21:56:30 : Topology Optimization started.
03/31/20 21:56:33 : Topology Optimization finished.
03/31/20 21:56:33 : Static analysis [subcase1] started.
Intel(R) MKL PARDISO: [Sym][199-518MB][Num][Tri][669MB]...finished.
03/31/20 21:56:37 : Static analysis [subcase1] finished.
03/31/20 21:56:37 : Sensitivity analysis started.
03/31/20 21:56:38 : Sensitivity analysis finished.
03/31/20 21:56:38 : Static analysis [subcase2] started.
Intel(R) MKL PARDISO: [Sym][199-518MB][Num][Tri][668MB]...finished.
03/31/20 21:56:41 : Static analysis [subcase2] finished.
03/31/20 21:56:41 : Sensitivity analysis started.
03/31/20 21:56:43 : Sensitivity analysis finished.
03/31/20 21:56:44 : Writing bulk data file ... OK
03/31/20 21:56:44 : === Optimization step 5 finished ===
+-- Objective/Constraint functions ---
| Iteration number 5
| Objective function [  1] :  1.0090057e+001 (201.801%)
| Objective function [  2] :  4.4649958e+000 (190.906%)
| Objective function [sum] :  2.0371019e+000 (201.693%)
| Constraint function[  1] :  2.8232537e+004 (141.163%)
+---------------------------------------
| More 15 min. 15 sec. will be needed.
+-------------------------------------
03/31/20 21:56:44 : === Optimization step 6 started ===
03/31/20 21:56:44 : Speed analysis started.
03/31/20 21:56:51 : Speed analysis finished.
03/31/20 21:56:51 : Topology Optimization started.
03/31/20 21:56:53 : Topology Optimization finished.
03/31/20 21:56:54 : Static analysis [subcase1] started.
Intel(R) MKL PARDISO: [Sym][199-518MB][Num][Tri][668MB]...finished.
03/31/20 21:56:57 : Static analysis [subcase1] finished.
03/31/20 21:56:57 : Sensitivity analysis started.
03/31/20 21:56:58 : Sensitivity analysis finished.
03/31/20 21:56:58 : Static analysis [subcase2] started.
Intel(R) MKL PARDISO: [Sym][199-516MB][Num][Tri][691MB]...finished.
03/31/20 21:57:02 : Static analysis [subcase2] finished.
03/31/20 21:57:02 : Sensitivity analysis started.
03/31/20 21:57:04 : Sensitivity analysis finished.
03/31/20 21:57:04 : Writing bulk data file ... OK
03/31/20 21:57:05 : === Optimization step 6 finished ===
+-- Objective/Constraint functions ---
| Iteration number 6
| Objective function [  1] :  1.1658596e+001 (233.172%)
| Objective function [  2] :  4.9669774e+000 (212.369%)
| Objective function [sum] :  2.3529561e+000 (232.966%)
| Constraint function[  1] :  2.6430756e+004 (132.154%)
+---------------------------------------
| More 14 min. 58 sec. will be needed.
+-------------------------------------
03/31/20 21:57:05 : === Optimization step 7 started ===
03/31/20 21:57:05 : Speed analysis started.
03/31/20 21:57:11 : Speed analysis finished.
03/31/20 21:57:11 : Topology Optimization started.
03/31/20 21:57:13 : Topology Optimization finished.
03/31/20 21:57:14 : Static analysis [subcase1] started.
Intel(R) MKL PARDISO: [Sym][199-517MB][Num][Tri][682MB]...finished.
03/31/20 21:57:18 : Static analysis [subcase1] finished.
03/31/20 21:57:18 : Sensitivity analysis started.
03/31/20 21:57:19 : Sensitivity analysis finished.
03/31/20 21:57:19 : Static analysis [subcase2] started.
Intel(R) MKL PARDISO: [Sym][199-517MB][Num][Tri][686MB]...finished.
03/31/20 21:57:23 : Static analysis [subcase2] finished.
03/31/20 21:57:23 : Sensitivity analysis started.
03/31/20 21:57:24 : Sensitivity analysis finished.
03/31/20 21:57:26 : Writing bulk data file ... OK
03/31/20 21:57:26 : === Optimization step 7 finished ===
+-- Objective/Constraint functions ---
| Iteration number 7
| Objective function [  1] :  1.3393684e+001 (267.874%)
| Objective function [  2] :  5.8429085e+000 (249.820%)
| Objective function [sum] :  2.7037189e+000 (267.695%)
| Constraint function[  1] :  2.4768865e+004 (123.844%)
+---------------------------------------
| More 14 min. 41 sec. will be needed.
+-------------------------------------
03/31/20 21:57:26 : === Optimization step 8 started ===
03/31/20 21:57:26 : Speed analysis started.
03/31/20 21:57:34 : Speed analysis finished.
03/31/20 21:57:34 : Topology Optimization started.
03/31/20 21:57:35 : Topology Optimization finished.
03/31/20 21:57:36 : Static analysis [subcase1] started.
Intel(R) MKL PARDISO: [Sym][199-519MB][Num][Tri][670MB]...finished.
03/31/20 21:57:38 : Static analysis [subcase1] finished.
03/31/20 21:57:38 : Sensitivity analysis started.
03/31/20 21:57:40 : Sensitivity analysis finished.
03/31/20 21:57:40 : Static analysis [subcase2] started.
Intel(R) MKL PARDISO: [Sym][199-517MB][Num][Tri][672MB]...finished.
03/31/20 21:57:43 : Static analysis [subcase2] finished.
03/31/20 21:57:43 : Sensitivity analysis started.
03/31/20 21:57:45 : Sensitivity analysis finished.
03/31/20 21:57:46 : Writing bulk data file ... OK
03/31/20 21:57:47 : === Optimization step 8 finished ===
+-- Objective/Constraint functions ---
| Iteration number 8
| Objective function [  1] :  1.5345114e+001 (306.902%)
| Objective function [  2] :  6.5151601e+000 (278.563%)
| Objective function [sum] :  3.0968791e+000 (306.622%)
| Constraint function[  1] :  2.3233041e+004 (116.165%)
+---------------------------------------
| More 14 min. 23 sec. will be needed.
+-------------------------------------
03/31/20 21:57:47 : === Optimization step 9 started ===
03/31/20 21:57:47 : Speed analysis started.
03/31/20 21:57:55 : Speed analysis finished.
03/31/20 21:57:55 : Topology Optimization started.
03/31/20 21:57:57 : Topology Optimization finished.
03/31/20 21:57:57 : Static analysis [subcase1] started.
Intel(R) MKL PARDISO: [Sym][199-517MB][Num][Tri][669MB]...finished.
03/31/20 21:58:00 : Static analysis [subcase1] finished.
03/31/20 21:58:00 : Sensitivity analysis started.
03/31/20 21:58:02 : Sensitivity analysis finished.
03/31/20 21:58:02 : Static analysis [subcase2] started.
Intel(R) MKL PARDISO: [Sym][199-517MB][Num][Tri][678MB]...finished.
03/31/20 21:58:06 : Static analysis [subcase2] finished.
03/31/20 21:58:06 : Sensitivity analysis started.
03/31/20 21:58:07 : Sensitivity analysis finished.
03/31/20 21:58:09 : Writing bulk data file ... OK
03/31/20 21:58:09 : === Optimization step 9 finished ===
+-- Objective/Constraint functions ---
| Iteration number 9
| Objective function [  1] :  1.7415538e+001 (348.311%)
| Objective function [  2] :  7.7811101e+000 (332.690%)
| Objective function [sum] :  3.5163766e+000 (348.156%)
| Constraint function[  1] :  2.1811238e+004 (109.056%)
+---------------------------------------
| More 14 min. 8 sec. will be needed.
+-------------------------------------
03/31/20 21:58:09 : === Optimization step 10 started ===
03/31/20 21:58:09 : Speed analysis started.
03/31/20 21:58:16 : Speed analysis finished.
03/31/20 21:58:16 : Topology Optimization started.
03/31/20 21:58:18 : Topology Optimization finished.
03/31/20 21:58:18 : Static analysis [subcase1] started.
Intel(R) MKL PARDISO: [Sym][200-517MB][Num][Tri][682MB]...finished.
03/31/20 21:58:22 : Static analysis [subcase1] finished.
03/31/20 21:58:22 : Sensitivity analysis started.
03/31/20 21:58:23 : Sensitivity analysis finished.
03/31/20 21:58:23 : Static analysis [subcase2] started.
Intel(R) MKL PARDISO: [Sym][199-517MB][Num][Tri][701MB]...finished.
03/31/20 21:58:28 : Static analysis [subcase2] finished.
03/31/20 21:58:28 : Sensitivity analysis started.
03/31/20 21:58:29 : Sensitivity analysis finished.
03/31/20 21:58:31 : Writing bulk data file ... OK
03/31/20 21:58:31 : === Optimization step 10 finished ===
+-- Objective/Constraint functions ---
| Iteration number 10
| Objective function [  1] :  1.9340952e+001 (386.819%)
| Objective function [  2] :  1.0597221e+001 (453.096%)
| Objective function [sum] :  3.9135000e+000 (387.475%)
| Constraint function[  1] :  2.0492739e+004 (102.464%)
+---------------------------------------
| More 13 min. 52 sec. will be needed.
+-------------------------------------
03/31/20 21:58:32 : === Optimization step 11 started ===
03/31/20 21:58:32 : Speed analysis started.
03/31/20 21:58:39 : Speed analysis finished.
03/31/20 21:58:39 : Topology Optimization started.
03/31/20 21:58:42 : Topology Optimization finished.
03/31/20 21:58:43 : Static analysis [subcase1] started.
Intel(R) MKL PARDISO: [Sym][200-519MB][Num][Tri][690MB]...finished.
03/31/20 21:58:47 : Static analysis [subcase1] finished.
03/31/20 21:58:47 : Sensitivity analysis started.
03/31/20 21:58:48 : Sensitivity analysis finished.
03/31/20 21:58:48 : Static analysis [subcase2] started.
Intel(R) MKL PARDISO: [Sym][200-518MB][Num][Tri][703MB]...finished.
03/31/20 21:58:51 : Static analysis [subcase2] finished.
03/31/20 21:58:51 : Sensitivity analysis started.
03/31/20 21:58:52 : Sensitivity analysis finished.
03/31/20 21:58:53 : Writing bulk data file ... OK
03/31/20 21:58:53 : === Optimization step 11 finished ===
+-- Objective/Constraint functions ---
| Iteration number 11
| Objective function [  1] :  1.9666032e+001 (393.321%)
| Objective function [  2] :  1.9238990e+001 (822.584%)
| Objective function [sum] :  4.0154648e+000 (397.571%)
| Constraint function[  1] :  1.9999999e+004 (100.000%)
+---------------------------------------
| More 13 min. 35 sec. will be needed.
+-------------------------------------
03/31/20 21:58:53 : === Optimization step 12 started ===
03/31/20 21:58:53 : Speed analysis started.
03/31/20 21:59:01 : Speed analysis finished.
03/31/20 21:59:01 : Topology Optimization started.
03/31/20 21:59:03 : Topology Optimization finished.
03/31/20 21:59:04 : Static analysis [subcase1] started.
Intel(R) MKL PARDISO: [Sym][200-520MB][Num][Tri][701MB]...finished.
03/31/20 21:59:08 : Static analysis [subcase1] finished.
03/31/20 21:59:08 : Sensitivity analysis started.
03/31/20 21:59:09 : Sensitivity analysis finished.
03/31/20 21:59:09 : Static analysis [subcase2] started.
Intel(R) MKL PARDISO: [Sym][200-519MB][Num][Tri][713MB]...finished.
03/31/20 21:59:12 : Static analysis [subcase2] finished.
03/31/20 21:59:12 : Sensitivity analysis started.
03/31/20 21:59:13 : Sensitivity analysis finished.
03/31/20 21:59:13 : Writing bulk data file ... OK
03/31/20 21:59:14 : === Optimization step 12 finished ===
+-- Objective/Constraint functions ---
| Iteration number 12
| Objective function [  1] :  1.9105570e+001 (382.111%)
| Objective function [  2] :  2.9468803e+001 (1259.971%)
| Objective function [sum] :  3.9471111e+000 (390.803%)
| Constraint function[  1] :  1.9999999e+004 (100.000%)
+---------------------------------------
| More 13 min. 15 sec. will be needed.
+-------------------------------------
03/31/20 21:59:14 : === Optimization step 13 started ===
03/31/20 21:59:14 : Speed analysis started.
03/31/20 21:59:21 : Speed analysis finished.
03/31/20 21:59:21 : Topology Optimization started.
03/31/20 21:59:23 : Topology Optimization finished.
03/31/20 21:59:24 : Static analysis [subcase1] started.
Intel(R) MKL PARDISO: [Sym][200-520MB][Num][Tri][714MB]...finished.
03/31/20 21:59:28 : Static analysis [subcase1] finished.
03/31/20 21:59:28 : Sensitivity analysis started.
03/31/20 21:59:29 : Sensitivity analysis finished.
03/31/20 21:59:30 : Static analysis [subcase2] started.
Intel(R) MKL PARDISO: [Sym][200-517MB][Num][Tri][697MB]...finished.
03/31/20 21:59:32 : Static analysis [subcase2] finished.
03/31/20 21:59:32 : Sensitivity analysis started.
03/31/20 21:59:33 : Sensitivity analysis finished.
03/31/20 21:59:34 : Writing bulk data file ... OK
03/31/20 21:59:34 : === Optimization step 13 finished ===
+-- Objective/Constraint functions ---
| Iteration number 13
| Objective function [  1] :  1.8935731e+001 (378.715%)
| Objective function [  2] :  2.4018980e+001 (1026.958%)
| Objective function [sum] :  3.8898420e+000 (385.133%)
| Constraint function[  1] :  1.9999999e+004 (100.000%)
+---------------------------------------
| More 12 min. 51 sec. will be needed.
+-------------------------------------
03/31/20 21:59:34 : === Optimization step 14 started ===
03/31/20 21:59:34 : Speed analysis started.
03/31/20 21:59:42 : Speed analysis finished.
03/31/20 21:59:42 : Topology Optimization started.
03/31/20 21:59:44 : Topology Optimization finished.
03/31/20 21:59:45 : Static analysis [subcase1] started.
Intel(R) MKL PARDISO: [Sym][200-519MB][Num][Tri][718MB]...finished.
03/31/20 21:59:49 : Static analysis [subcase1] finished.
03/31/20 21:59:49 : Sensitivity analysis started.
03/31/20 21:59:50 : Sensitivity analysis finished.
03/31/20 21:59:50 : Static analysis [subcase2] started.
Intel(R) MKL PARDISO: [Sym][200-517MB][Num][Tri][717MB]...finished.
03/31/20 21:59:54 : Static analysis [subcase2] finished.
03/31/20 21:59:54 : Sensitivity analysis started.
03/31/20 21:59:55 : Sensitivity analysis finished.
03/31/20 21:59:56 : Writing bulk data file ... OK
03/31/20 21:59:56 : === Optimization step 14 finished ===
+-- Objective/Constraint functions ---
| Iteration number 14
| Objective function [  1] :  1.8397420e+001 (367.948%)
| Objective function [  2] :  3.1916194e+001 (1364.612%)
| Objective function [sum] :  3.8159453e+000 (377.816%)
| Constraint function[  1] :  2.0000001e+004 (100.000%)
+---------------------------------------
| More 12 min. 33 sec. will be needed.
+-------------------------------------
03/31/20 21:59:56 : === Optimization step 15 started ===
03/31/20 21:59:56 : Speed analysis started.
03/31/20 22:00:03 : Speed analysis finished.
03/31/20 22:00:03 : Topology Optimization started.
03/31/20 22:00:04 : Topology Optimization finished.
03/31/20 22:00:05 : Static analysis [subcase1] started.
Intel(R) MKL PARDISO: [Sym][201-521MB][Num][Tri][710MB]...finished.
03/31/20 22:00:09 : Static analysis [subcase1] finished.
03/31/20 22:00:09 : Sensitivity analysis started.
03/31/20 22:00:10 : Sensitivity analysis finished.
03/31/20 22:00:10 : Static analysis [subcase2] started.
Intel(R) MKL PARDISO: [Sym][200-518MB][Num][Tri][712MB]...finished.
03/31/20 22:00:14 : Static analysis [subcase2] finished.
03/31/20 22:00:14 : Sensitivity analysis started.
03/31/20 22:00:15 : Sensitivity analysis finished.
03/31/20 22:00:17 : Writing bulk data file ... OK
03/31/20 22:00:17 : === Optimization step 15 finished ===
+-- Objective/Constraint functions ---
| Iteration number 15
| Objective function [  1] :  1.8158960e+001 (363.179%)
| Objective function [  2] :  3.1990408e+001 (1367.785%)
| Objective function [sum] :  3.7685706e+000 (373.126%)
| Constraint function[  1] :  2.0000002e+004 (100.000%)
+---------------------------------------
| More 12 min. 12 sec. will be needed.
+-------------------------------------
03/31/20 22:00:17 : === Optimization step 16 started ===
03/31/20 22:00:17 : Speed analysis started...
03/31/20 22:00:25 : Speed analysis finished.
03/31/20 22:00:25 : Topology Optimization started.
03/31/20 22:00:27 : Topology Optimization finished.
03/31/20 22:00:27 : Static analysis [subcase1] started.
Intel(R) MKL PARDISO: [Sym][201-519MB][Num][Tri][695MB]...finished.
03/31/20 22:00:30 : Static analysis [subcase1] finished.
03/31/20 22:00:30 : Sensitivity analysis started.
03/31/20 22:00:31 : Sensitivity analysis finished.
03/31/20 22:00:31 : Static analysis [subcase2] started.
Intel(R) MKL PARDISO: [Sym][201-521MB][Num][Tri][712MB]...finished.
03/31/20 22:00:36 : Static analysis [subcase2] finished.
03/31/20 22:00:36 : Sensitivity analysis started.
03/31/20 22:00:37 : Sensitivity analysis finished.
03/31/20 22:00:39 : Writing bulk data file ... OK
----------------------------------------
Object[  1]  1.7973775e+001 (359.475%)
Object[  2]  2.1619850e+002 (9243.806%)
Object[sum]  4.5191355e+000 (447.439%)
Const [  1]  2.0000007e+004 (100.000%)
----------------------------------------
03/31/20 22:00:39 : Topology Optimization started.
03/31/20 22:00:41 : Topology Optimization finished.
03/31/20 22:00:42 : Static analysis [subcase1] started.
Intel(R) MKL PARDISO: [Sym][201-520MB][Num][Tri][734MB]...finished.
03/31/20 22:00:46 : Static analysis [subcase1] finished.
03/31/20 22:00:46 : Sensitivity analysis started.
03/31/20 22:00:47 : Sensitivity analysis finished.
03/31/20 22:00:48 : Static analysis [subcase2] started.
Intel(R) MKL PARDISO: [Sym][201-518MB][Num][Tri][694MB]...finished.
03/31/20 22:00:51 : Static analysis [subcase2] finished.
03/31/20 22:00:51 : Sensitivity analysis started.
03/31/20 22:00:52 : Sensitivity analysis finished.
03/31/20 22:00:53 : Writing bulk data file ... OK
03/31/20 22:00:54 : === Optimization step 16 finished ===
+-- Objective/Constraint functions ---
| Iteration number 16
| Objective function [  1] :  1.8075830e+001 (361.517%)
| Objective function [  2] :  2.4092162e+001 (1030.087%)
| Objective function [sum] :  3.7181748e+000 (368.136%)
| Constraint function[  1] :  1.9999999e+004 (100.000%)
+---------------------------------------
| More 12 min. 24 sec. will be needed.
+-------------------------------------
03/31/20 22:00:54 : === Optimization step 17 started ===
03/31/20 22:00:54 : Speed analysis started...
03/31/20 22:00:59 : Speed analysis finished.
03/31/20 22:00:59 : Topology Optimization started.
03/31/20 22:01:01 : Topology Optimization finished.
03/31/20 22:01:02 : Static analysis [subcase1] started.
Intel(R) MKL PARDISO: [Sym][201-520MB][Num][Tri][729MB]...finished.
03/31/20 22:01:06 : Static analysis [subcase1] finished.
03/31/20 22:01:06 : Sensitivity analysis started.
03/31/20 22:01:08 : Sensitivity analysis finished.
03/31/20 22:01:08 : Static analysis [subcase2] started.
Intel(R) MKL PARDISO: [Sym][201-522MB][Num][Tri][726MB]...finished.
03/31/20 22:01:12 : Static analysis [subcase2] finished.
03/31/20 22:01:12 : Sensitivity analysis started.
03/31/20 22:01:14 : Sensitivity analysis finished.
03/31/20 22:01:16 : Writing bulk data file ... OK
03/31/20 22:01:16 : === Optimization step 17 finished ===
+-- Objective/Constraint functions ---
| Iteration number 17
| Objective function [  1] :  1.7579100e+001 (351.582%)
| Objective function [  2] :  3.4929525e+001 (1493.450%)
| Objective function [sum] :  3.6651651e+000 (362.888%)
| Constraint function[  1] :  2.0000000e+004 (100.000%)
+---------------------------------------
| More 12 min. 2 sec. will be needed.
+-------------------------------------
03/31/20 22:01:16 : === Optimization step 18 started ===
03/31/20 22:01:16 : Speed analysis started.
03/31/20 22:01:22 : Speed analysis finished.
03/31/20 22:01:22 : Topology Optimization started.
03/31/20 22:01:24 : Topology Optimization finished.
03/31/20 22:01:24 : Static analysis [subcase1] started.
Intel(R) MKL PARDISO: [Sym][201-519MB][Num][Tri][719MB]...finished.
03/31/20 22:01:28 : Static analysis [subcase1] finished.
03/31/20 22:01:28 : Sensitivity analysis started.
03/31/20 22:01:29 : Sensitivity analysis finished.
03/31/20 22:01:29 : Static analysis [subcase2] started.
Intel(R) MKL PARDISO: [Sym][201-520MB][Num][Tri][715MB]...finished.
03/31/20 22:01:32 : Static analysis [subcase2] finished.
03/31/20 22:01:32 : Sensitivity analysis started.
03/31/20 22:01:34 : Sensitivity analysis finished.
03/31/20 22:01:35 : Writing bulk data file ... OK
----------------------------------------
Object[  1]  1.7829203e+001 (356.584%)
Object[  2]  3.3401280e+001 (1428.109%)
Object[sum]  3.7086515e+000 (367.193%)
Const [  1]  2.0000003e+004 (100.000%)
----------------------------------------
03/31/20 22:01:36 : Topology Optimization started.
03/31/20 22:01:38 : Topology Optimization finished.
03/31/20 22:01:39 : Static analysis [subcase1] started.
Intel(R) MKL PARDISO: [Sym][201-527MB][Num][Tri][747MB]...finished.
03/31/20 22:01:43 : Static analysis [subcase1] finished.
03/31/20 22:01:43 : Sensitivity analysis started.
03/31/20 22:01:44 : Sensitivity analysis finished.
03/31/20 22:01:44 : Static analysis [subcase2] started.
Intel(R) MKL PARDISO: [Sym][201-519MB][Num][Tri][719MB]...finished.
03/31/20 22:01:49 : Static analysis [subcase2] finished.
03/31/20 22:01:49 : Sensitivity analysis started.
03/31/20 22:01:50 : Sensitivity analysis finished.
03/31/20 22:01:51 : Writing bulk data file ... OK
03/31/20 22:01:51 : === Optimization step 18 finished ===
+-- Objective/Constraint functions ---
| Iteration number 18
| Objective function [  1] :  1.7749437e+001 (354.989%)
| Objective function [  2] :  2.6075774e+001 (1114.899%)
| Objective function [sum] :  3.6613774e+000 (362.513%)
| Constraint function[  1] :  1.9999997e+004 (100.000%)
+---------------------------------------
| More 12 min. 2 sec. will be needed.
+-------------------------------------
03/31/20 22:01:51 : === Optimization step 19 started ===
03/31/20 22:01:52 : Speed analysis started...
03/31/20 22:01:56 : Speed analysis finished.
03/31/20 22:01:56 : Topology Optimization started.
03/31/20 22:01:58 : Topology Optimization finished.
03/31/20 22:01:59 : Static analysis [subcase1] started.
Intel(R) MKL PARDISO: [Sym][201-524MB][Num][Tri][720MB]...finished.
03/31/20 22:02:04 : Static analysis [subcase1] finished.
03/31/20 22:02:04 : Sensitivity analysis started.
03/31/20 22:02:05 : Sensitivity analysis finished.
03/31/20 22:02:05 : Static analysis [subcase2] started.
Intel(R) MKL PARDISO: [Sym][201-520MB][Num][Tri][711MB]...finished.
03/31/20 22:02:10 : Static analysis [subcase2] finished.
03/31/20 22:02:10 : Sensitivity analysis started.
03/31/20 22:02:11 : Sensitivity analysis finished.
03/31/20 22:02:12 : Writing bulk data file ... OK
03/31/20 22:02:12 : === Optimization step 19 finished ===
+-- Objective/Constraint functions ---
| Iteration number 19
| Objective function [  1] :  1.7532186e+001 (350.644%)
| Objective function [  2] :  3.2258861e+001 (1379.263%)
| Objective function [sum] :  3.6443635e+000 (360.828%)
| Constraint function[  1] :  2.0000003e+004 (100.000%)
+---------------------------------------
| More 11 min. 37 sec. will be needed.
+-------------------------------------
03/31/20 22:02:12 : === Optimization step 20 started ===
03/31/20 22:02:12 : Speed analysis started...
03/31/20 22:02:16 : Speed analysis finished.
03/31/20 22:02:16 : Topology Optimization started.
03/31/20 22:02:19 : Topology Optimization finished.
03/31/20 22:02:20 : Static analysis [subcase1] started.
Intel(R) MKL PARDISO: [Sym][201-521MB][Num][Tri][720MB]...finished.
03/31/20 22:02:24 : Static analysis [subcase1] finished.
03/31/20 22:02:24 : Sensitivity analysis started.
03/31/20 22:02:25 : Sensitivity analysis finished.
03/31/20 22:02:25 : Static analysis [subcase2] started.
Intel(R) MKL PARDISO: [Sym][201-522MB][Num][Tri][713MB]...finished.
03/31/20 22:02:30 : Static analysis [subcase2] finished.
03/31/20 22:02:30 : Sensitivity analysis started.
03/31/20 22:02:31 : Sensitivity analysis finished.
03/31/20 22:02:32 : Writing bulk data file ... OK
03/31/20 22:02:33 : === Optimization step 20 finished ===
+-- Objective/Constraint functions ---
| Iteration number 20
| Objective function [  1] :  1.7506501e+001 (350.130%)
| Objective function [  2] :  2.6858733e+001 (1148.375%)
| Objective function [sum] :  3.6161378e+000 (358.033%)
| Constraint function[  1] :  1.9999999e+004 (100.000%)
+---------------------------------------
| More 11 min. 12 sec. will be needed.
+-------------------------------------
03/31/20 22:02:33 : === Optimization step 21 started ===
03/31/20 22:02:33 : Speed analysis started.
03/31/20 22:02:38 : Speed analysis finished.
03/31/20 22:02:38 : Topology Optimization started.
03/31/20 22:02:41 : Topology Optimization finished.
03/31/20 22:02:41 : Static analysis [subcase1] started.
Intel(R) MKL PARDISO: [Sym][201-521MB][Num][Tri][725MB]...finished.
03/31/20 22:02:46 : Static analysis [subcase1] finished.
03/31/20 22:02:46 : Sensitivity analysis started.
03/31/20 22:02:47 : Sensitivity analysis finished.
03/31/20 22:02:47 : Static analysis [subcase2] started.
Intel(R) MKL PARDISO: [Sym][201-527MB][Num][Tri][729MB]...finished.
03/31/20 22:02:51 : Static analysis [subcase2] finished.
03/31/20 22:02:51 : Sensitivity analysis started.
03/31/20 22:02:52 : Sensitivity analysis finished.
03/31/20 22:02:53 : Writing bulk data file ... OK
03/31/20 22:02:53 : === Optimization step 21 finished ===
+-- Objective/Constraint functions ---
| Iteration number 21
| Objective function [  1] :  1.7322840e+001 (346.457%)
| Objective function [  2] :  3.3581325e+001 (1435.807%)
| Objective function [sum] :  3.6081487e+000 (357.242%)
| Constraint function[  1] :  1.9999999e+004 (100.000%)
+---------------------------------------
| More 10 min. 47 sec. will be needed.
+-------------------------------------
03/31/20 22:02:53 : === Optimization step 22 started ===
03/31/20 22:02:53 : Speed analysis started...
03/31/20 22:02:58 : Speed analysis finished.
03/31/20 22:02:58 : Topology Optimization started.
03/31/20 22:03:00 : Topology Optimization finished.
03/31/20 22:03:01 : Static analysis [subcase1] started.
Intel(R) MKL PARDISO: [Sym][201-523MB][Num][Tri][722MB]...finished.
03/31/20 22:03:06 : Static analysis [subcase1] finished.
03/31/20 22:03:06 : Sensitivity analysis started.
03/31/20 22:03:07 : Sensitivity analysis finished.
03/31/20 22:03:07 : Static analysis [subcase2] started.
Intel(R) MKL PARDISO: [Sym][201-522MB][Num][Tri][727MB]...finished.
03/31/20 22:03:11 : Static analysis [subcase2] finished.
03/31/20 22:03:11 : Sensitivity analysis started.
03/31/20 22:03:12 : Sensitivity analysis finished.
03/31/20 22:03:13 : Writing bulk data file ... OK
----------------------------------------
Object[  1]  1.7632902e+001 (352.658%)
Object[  2]  2.5046689e+001 (1070.899%)
Object[sum]  3.6336703e+000 (359.769%)
Const [  1]  1.9999999e+004 (100.000%)
----------------------------------------
03/31/20 22:03:13 : Topology Optimization started.
03/31/20 22:03:15 : Topology Optimization finished.
03/31/20 22:03:15 : Static analysis [subcase1] started.
Intel(R) MKL PARDISO: [Sym][201-521MB][Num][Tri][735MB]...finished.
03/31/20 22:03:19 : Static analysis [subcase1] finished.
03/31/20 22:03:19 : Sensitivity analysis started.
03/31/20 22:03:20 : Sensitivity analysis finished.
03/31/20 22:03:20 : Static analysis [subcase2] started.
Intel(R) MKL PARDISO: [Sym][201-521MB][Num][Tri][721MB]...finished.
03/31/20 22:03:24 : Static analysis [subcase2] finished.
03/31/20 22:03:25 : Sensitivity analysis started.
03/31/20 22:03:26 : Sensitivity analysis finished.
03/31/20 22:03:28 : Writing bulk data file ... OK
03/31/20 22:03:28 : === Optimization step 22 finished ===
+-- Objective/Constraint functions ---
| Iteration number 22
| Objective function [  1] :  1.7552680e+001 (351.054%)
| Objective function [  2] :  2.3717415e+001 (1014.064%)
| Objective function [sum] :  3.6119425e+000 (357.618%)
| Constraint function[  1] :  1.9999999e+004 (100.000%)
+---------------------------------------
| More 10 min. 40 sec. will be needed.
+-------------------------------------
03/31/20 22:03:28 : === Optimization step 23 started ===
03/31/20 22:03:28 : Speed analysis started...
03/31/20 22:03:34 : Speed analysis finished.
03/31/20 22:03:34 : Topology Optimization started.
03/31/20 22:03:36 : Topology Optimization finished.
03/31/20 22:03:36 : Static analysis [subcase1] started.
Intel(R) MKL PARDISO: [Sym][201-522MB][Num][Tri][717MB]...finished.
03/31/20 22:03:40 : Static analysis [subcase1] finished.
03/31/20 22:03:40 : Sensitivity analysis started.
03/31/20 22:03:42 : Sensitivity analysis finished.
03/31/20 22:03:42 : Static analysis [subcase2] started.
Intel(R) MKL PARDISO: [Sym][201-521MB][Num][Tri][706MB]...finished.
03/31/20 22:03:46 : Static analysis [subcase2] finished.
03/31/20 22:03:46 : Sensitivity analysis started.
03/31/20 22:03:48 : Sensitivity analysis finished.
03/31/20 22:03:49 : Writing bulk data file ... OK
03/31/20 22:03:49 : === Optimization step 23 finished ===
+-- Objective/Constraint functions ---
| Iteration number 23
| Objective function [  1] :  1.7413338e+001 (348.267%)
| Objective function [  2] :  2.5772759e+001 (1101.943%)
| Objective function [sum] :  3.5928619e+000 (355.729%)
| Constraint function[  1] :  1.9999999e+004 (100.000%)
+---------------------------------------
| More 10 min. 15 sec. will be needed.
+-------------------------------------
03/31/20 22:03:49 : === Optimization step 24 started ===
03/31/20 22:03:50 : Speed analysis started.
03/31/20 22:03:55 : Speed analysis finished.
03/31/20 22:03:55 : Topology Optimization started.
03/31/20 22:03:57 : Topology Optimization finished.
03/31/20 22:03:57 : Static analysis [subcase1] started.
Intel(R) MKL PARDISO: [Sym][201-521MB][Num][Tri][678MB]...finished.
03/31/20 22:04:01 : Static analysis [subcase1] finished.
03/31/20 22:04:01 : Sensitivity analysis started.
03/31/20 22:04:02 : Sensitivity analysis finished.
03/31/20 22:04:03 : Static analysis [subcase2] started.
Intel(R) MKL PARDISO: [Sym][201-521MB][Num][Tri][720MB]...finished.
03/31/20 22:04:07 : Static analysis [subcase2] finished.
03/31/20 22:04:07 : Sensitivity analysis started.
03/31/20 22:04:09 : Sensitivity analysis finished.
03/31/20 22:04:11 : Writing bulk data file ... OK
03/31/20 22:04:11 : === Optimization step 24 finished ===
+-- Objective/Constraint functions ---
| Iteration number 24
| Objective function [  1] :  1.7371663e+001 (347.433%)
| Objective function [  2] :  2.5228115e+001 (1078.656%)
| Objective function [sum] :  3.5821982e+000 (354.673%)
| Constraint function[  1] :  1.9999999e+004 (100.000%)
+---------------------------------------
| More 9 min. 51 sec. will be needed.
+-------------------------------------
03/31/20 22:04:11 : === Optimization step 25 started ===
03/31/20 22:04:11 : Speed analysis started...
03/31/20 22:04:18 : Speed analysis finished.
03/31/20 22:04:18 : Topology Optimization started.
03/31/20 22:04:20 : Topology Optimization finished.
03/31/20 22:04:20 : Static analysis [subcase1] started.
Intel(R) MKL PARDISO: [Sym][201-521MB][Num][Tri][726MB]...finished.
03/31/20 22:04:24 : Static analysis [subcase1] finished.
03/31/20 22:04:24 : Sensitivity analysis started.
03/31/20 22:04:25 : Sensitivity analysis finished.
03/31/20 22:04:25 : Static analysis [subcase2] started.
Intel(R) MKL PARDISO: [Sym][201-521MB][Num][Tri][735MB]...finished.
03/31/20 22:04:31 : Static analysis [subcase2] finished.
03/31/20 22:04:31 : Sensitivity analysis started.
03/31/20 22:04:32 : Sensitivity analysis finished.
03/31/20 22:04:34 : Writing bulk data file ... OK
03/31/20 22:04:34 : === Optimization step 25 finished ===
+-- Objective/Constraint functions ---
| Iteration number 25
| Objective function [  1] :  1.7302789e+001 (346.056%)
| Objective function [  2] :  2.6537088e+001 (1134.623%)
| Objective function [sum] :  3.5740200e+000 (353.863%)
| Constraint function[  1] :  1.9999999e+004 (100.000%)
+---------------------------------------
| More 9 min. 29 sec. will be needed.
+-------------------------------------
03/31/20 22:04:34 : === Optimization step 26 started ===
03/31/20 22:04:34 : Speed analysis started...
03/31/20 22:04:46 : Speed analysis finished.
03/31/20 22:04:46 : Topology Optimization started.
03/31/20 22:04:48 : Topology Optimization finished.
03/31/20 22:04:48 : Static analysis [subcase1] started.
Intel(R) MKL PARDISO: [Sym][201-522MB][Num][Tri][708MB]...finished.
03/31/20 22:04:52 : Static analysis [subcase1] finished.
03/31/20 22:04:52 : Sensitivity analysis started.
03/31/20 22:04:53 : Sensitivity analysis finished.
03/31/20 22:04:53 : Static analysis [subcase2] started.
Intel(R) MKL PARDISO: [Sym][201-522MB][Num][Tri][726MB]...finished.
03/31/20 22:04:56 : Static analysis [subcase2] finished.
03/31/20 22:04:56 : Sensitivity analysis started.
03/31/20 22:04:58 : Sensitivity analysis finished.
03/31/20 22:05:00 : Writing bulk data file ... OK
----------------------------------------
Object[  1]  1.7296724e+001 (345.934%)
Object[  2]  2.9867023e+001 (1276.998%)
Object[sum]  3.5870446e+000 (355.153%)
Const [  1]  2.0000002e+004 (100.000%)
----------------------------------------
03/31/20 22:05:00 : Topology Optimization started.
03/31/20 22:05:03 : Topology Optimization finished.
03/31/20 22:05:05 : Static analysis [subcase1] started.
Intel(R) MKL PARDISO: [Sym][201-522MB][Num][Tri][721MB]...finished.
03/31/20 22:05:10 : Static analysis [subcase1] finished.
03/31/20 22:05:10 : Sensitivity analysis started.
03/31/20 22:05:11 : Sensitivity analysis finished.
03/31/20 22:05:11 : Static analysis [subcase2] started.
Intel(R) MKL PARDISO: [Sym][201-521MB][Num][Tri][696MB]...finished.
03/31/20 22:05:16 : Static analysis [subcase2] finished.
03/31/20 22:05:16 : Sensitivity analysis started.
03/31/20 22:05:17 : Sensitivity analysis finished.
03/31/20 22:05:18 : Writing bulk data file ... OK
03/31/20 22:05:19 : === Optimization step 26 finished ===
+-- Objective/Constraint functions ---
| Iteration number 26
| Objective function [  1] :  1.7290792e+001 (345.816%)
| Objective function [  2] :  2.6499505e+001 (1133.016%)
| Objective function [sum] :  3.5714599e+000 (353.610%)
| Constraint function[  1] :  1.9999999e+004 (100.000%)
+---------------------------------------
| More 9 min. 26 sec. will be needed.
+-------------------------------------
03/31/20 22:05:19 : === Optimization step 27 started ===
03/31/20 22:05:19 : Speed analysis started.
03/31/20 22:05:25 : Speed analysis finished.
03/31/20 22:05:25 : Topology Optimization started.
03/31/20 22:05:29 : Topology Optimization finished.
03/31/20 22:05:30 : Static analysis [subcase1] started.
Intel(R) MKL PARDISO: [Sym][202-522MB][Num][Tri][707MB]...finished.
03/31/20 22:05:36 : Static analysis [subcase1] finished.
03/31/20 22:05:36 : Sensitivity analysis started.
03/31/20 22:05:37 : Sensitivity analysis finished.
03/31/20 22:05:37 : Static analysis [subcase2] started.
Intel(R) MKL PARDISO: [Sym][201-521MB][Num][Tri][740MB]...finished.
03/31/20 22:05:42 : Static analysis [subcase2] finished.
03/31/20 22:05:42 : Sensitivity analysis started.
03/31/20 22:05:43 : Sensitivity analysis finished.
03/31/20 22:05:44 : Writing bulk data file ... OK
03/31/20 22:05:45 : === Optimization step 27 finished ===
+-- Objective/Constraint functions ---
| Iteration number 27
| Objective function [  1] :  1.7271360e+001 (345.427%)
| Objective function [  2] :  2.7066837e+001 (1157.273%)
| Objective function [sum] :  3.5699993e+000 (353.465%)
| Constraint function[  1] :  1.9999999e+004 (100.000%)
+---------------------------------------
| More 9 min. 4 sec. will be needed.
+-------------------------------------
03/31/20 22:05:45 : === Optimization step 28 started ===
03/31/20 22:05:45 : Speed analysis started...
03/31/20 22:05:50 : Speed analysis finished.
03/31/20 22:05:50 : Topology Optimization started.
03/31/20 22:05:54 : Topology Optimization finished.
03/31/20 22:05:55 : Static analysis [subcase1] started.
Intel(R) MKL PARDISO: [Sym][202-522MB][Num][Tri][708MB]...finished.
03/31/20 22:06:01 : Static analysis [subcase1] finished.
03/31/20 22:06:01 : Sensitivity analysis started.
03/31/20 22:06:03 : Sensitivity analysis finished.
03/31/20 22:06:03 : Static analysis [subcase2] started.
Intel(R) MKL PARDISO: [Sym][201-522MB][Num][Tri][722MB]...finished.
03/31/20 22:06:08 : Static analysis [subcase2] finished.
03/31/20 22:06:08 : Sensitivity analysis started.
03/31/20 22:06:10 : Sensitivity analysis finished.
03/31/20 22:06:11 : Writing bulk data file ... OK
03/31/20 22:06:12 : === Optimization step 28 finished ===
+-- Objective/Constraint functions ---
| Iteration number 28
| Objective function [  1] :  1.7283308e+001 (345.666%)
| Objective function [  2] :  2.6972509e+001 (1153.239%)
| Objective function [sum] :  3.5719856e+000 (353.662%)
| Constraint function[  1] :  1.9999999e+004 (100.000%)
+---------------------------------------
| More 8 min. 43 sec. will be needed.
+-------------------------------------
03/31/20 22:06:12 : === Optimization step 29 started ===
03/31/20 22:06:12 : Speed analysis started...
03/31/20 22:06:17 : Speed analysis finished.
03/31/20 22:06:17 : Topology Optimization started.
03/31/20 22:06:20 : Topology Optimization finished.
03/31/20 22:06:21 : Static analysis [subcase1] started.
Intel(R) MKL PARDISO: [Sym][201-522MB][Num][Tri][730MB]...finished.
03/31/20 22:06:27 : Static analysis [subcase1] finished.
03/31/20 22:06:27 : Sensitivity analysis started.
03/31/20 22:06:29 : Sensitivity analysis finished.
03/31/20 22:06:29 : Static analysis [subcase2] started.
Intel(R) MKL PARDISO: [Sym][201-521MB][Num][Tri][735MB]...finished.
03/31/20 22:06:35 : Static analysis [subcase2] finished.
03/31/20 22:06:35 : Sensitivity analysis started.
03/31/20 22:06:37 : Sensitivity analysis finished.
03/31/20 22:06:39 : Writing bulk data file ... OK
03/31/20 22:06:39 : === Optimization step 29 finished ===
+-- Objective/Constraint functions ---
| Iteration number 29
| Objective function [  1] :  1.7285953e+001 (345.719%)
| Objective function [  2] :  2.6358410e+001 (1126.983%)
| Objective function [sum] :  3.5698889e+000 (353.454%)
| Constraint function[  1] :  1.9999999e+004 (100.000%)
+---------------------------------------
| More 8 min. 21 sec. will be needed.
+-------------------------------------
03/31/20 22:06:39 : === Optimization step 30 started ===
03/31/20 22:06:39 : Speed analysis started.
03/31/20 22:06:43 : Speed analysis finished.
03/31/20 22:06:43 : Topology Optimization started.
03/31/20 22:06:46 : Topology Optimization finished.
03/31/20 22:06:46 : Static analysis [subcase1] started.
Intel(R) MKL PARDISO: [Sym][202-529MB][Num][Tri][754MB]...finished.
03/31/20 22:06:50 : Static analysis [subcase1] finished.
03/31/20 22:06:50 : Sensitivity analysis started.
03/31/20 22:06:52 : Sensitivity analysis finished.
03/31/20 22:06:52 : Static analysis [subcase2] started.
Intel(R) MKL PARDISO: [Sym][201-521MB][Num][Tri][701MB]...finished.
03/31/20 22:06:56 : Static analysis [subcase2] finished.
03/31/20 22:06:56 : Sensitivity analysis started.
03/31/20 22:06:58 : Sensitivity analysis finished.
03/31/20 22:06:59 : Writing bulk data file ... OK
03/31/20 22:06:59 : === Optimization step 30 finished ===
+-- Objective/Constraint functions ---
| Iteration number 30
| Objective function [  1] :  1.7261334e+001 (345.227%)
| Objective function [  2] :  2.7474308e+001 (1174.694%)
| Objective function [sum] :  3.5697362e+000 (353.439%)
| Constraint function[  1] :  1.9999999e+004 (100.000%)
+---------------------------------------
| More 7 min. 55 sec. will be needed.
+-------------------------------------
03/31/20 22:06:59 : === Optimization step 31 started ===
03/31/20 22:06:59 : Speed analysis started...
03/31/20 22:07:03 : Speed analysis finished.
03/31/20 22:07:03 : Topology Optimization started.
03/31/20 22:07:06 : Topology Optimization finished.
03/31/20 22:07:06 : Static analysis [subcase1] started.
Intel(R) MKL PARDISO: [Sym][202-522MB][Num][Tri][727MB]...finished.
03/31/20 22:07:10 : Static analysis [subcase1] finished.
03/31/20 22:07:10 : Sensitivity analysis started.
03/31/20 22:07:12 : Sensitivity analysis finished.
03/31/20 22:07:12 : Static analysis [subcase2] started.
Intel(R) MKL PARDISO: [Sym][201-522MB][Num][Tri][730MB]...finished.
03/31/20 22:07:16 : Static analysis [subcase2] finished.
03/31/20 22:07:16 : Sensitivity analysis started.
03/31/20 22:07:18 : Sensitivity analysis finished.
03/31/20 22:07:19 : Writing bulk data file ... OK
03/31/20 22:07:20 : === Optimization step 31 finished ===
+-- Objective/Constraint functions ---
| Iteration number 31
| Objective function [  1] :  1.7276223e+001 (345.524%)
| Objective function [  2] :  2.7053706e+001 (1156.711%)
| Objective function [sum] :  3.5709157e+000 (353.556%)
| Constraint function[  1] :  1.9999999e+004 (100.000%)
+---------------------------------------
| More 7 min. 30 sec. will be needed.
+-------------------------------------
03/31/20 22:07:20 : === Optimization step 32 started ===
03/31/20 22:07:20 : Speed analysis started...
03/31/20 22:07:24 : Speed analysis finished.
03/31/20 22:07:24 : Topology Optimization started.
03/31/20 22:07:26 : Topology Optimization finished.
03/31/20 22:07:27 : Static analysis [subcase1] started.
Intel(R) MKL PARDISO: [Sym][202-523MB][Num][Tri][713MB]...finished.
03/31/20 22:07:31 : Static analysis [subcase1] finished.
03/31/20 22:07:31 : Sensitivity analysis started.
03/31/20 22:07:33 : Sensitivity analysis finished.
03/31/20 22:07:33 : Static analysis [subcase2] started.
Intel(R) MKL PARDISO: [Sym][201-522MB][Num][Tri][726MB]...finished.
03/31/20 22:07:37 : Static analysis [subcase2] finished.
03/31/20 22:07:37 : Sensitivity analysis started.
03/31/20 22:07:39 : Sensitivity analysis finished.
03/31/20 22:07:40 : Writing bulk data file ... OK
----------------------------------------
Object[  1]  1.7286679e+001 (345.734%)
Object[  2]  2.6576284e+001 (1136.298%)
Object[sum]  3.5709657e+000 (353.561%)
Const [  1]  1.9999999e+004 (100.000%)
----------------------------------------
03/31/20 22:07:40 : Topology Optimization started.
03/31/20 22:07:42 : Topology Optimization finished.
03/31/20 22:07:42 : Static analysis [subcase1] started.
Intel(R) MKL PARDISO: [Sym][201-522MB][Num][Tri][721MB]...finished.
03/31/20 22:07:45 : Static analysis [subcase1] finished.
03/31/20 22:07:45 : Sensitivity analysis started.
03/31/20 22:07:46 : Sensitivity analysis finished.
03/31/20 22:07:46 : Static analysis [subcase2] started.
Intel(R) MKL PARDISO: [Sym][201-521MB][Num][Tri][711MB]...finished.
03/31/20 22:07:49 : Static analysis [subcase2] finished.
03/31/20 22:07:49 : Sensitivity analysis started.
03/31/20 22:07:50 : Sensitivity analysis finished.
03/31/20 22:07:52 : Writing bulk data file ... OK
03/31/20 22:07:52 : === Optimization step 32 finished ===
+-- Objective/Constraint functions ---
| Iteration number 32
| Objective function [  1] :  1.7282435e+001 (345.649%)
| Objective function [  2] :  2.6651047e+001 (1139.495%)
| Objective function [sum] :  3.5704365e+000 (353.509%)
| Constraint function[  1] :  1.9999999e+004 (100.000%)
+---------------------------------------
| More 7 min. 10 sec. will be needed.
+-------------------------------------
03/31/20 22:07:52 : === Optimization step 33 started ===
03/31/20 22:07:52 : Speed analysis started.
03/31/20 22:08:01 : Speed analysis finished.
03/31/20 22:08:01 : Topology Optimization started.
03/31/20 22:08:03 : Topology Optimization finished.
03/31/20 22:08:03 : Static analysis [subcase1] started.
Intel(R) MKL PARDISO: [Sym][201-522MB][Num][Tri][731MB]...finished.
03/31/20 22:08:06 : Static analysis [subcase1] finished.
03/31/20 22:08:06 : Sensitivity analysis started.
03/31/20 22:08:08 : Sensitivity analysis finished.
03/31/20 22:08:08 : Static analysis [subcase2] started.
Intel(R) MKL PARDISO: [Sym][201-522MB][Num][Tri][712MB]...finished.
03/31/20 22:08:11 : Static analysis [subcase2] finished.
03/31/20 22:08:11 : Sensitivity analysis started.
03/31/20 22:08:13 : Sensitivity analysis finished.
03/31/20 22:08:15 : Writing bulk data file ... OK
03/31/20 22:08:15 : === Optimization step 33 finished ===
+-- Objective/Constraint functions ---
| Iteration number 33
| Objective function [  1] :  1.7272483e+001 (345.450%)
| Objective function [  2] :  2.7014613e+001 (1155.040%)
| Objective function [sum] :  3.5700007e+000 (353.465%)
| Constraint function[  1] :  1.9999999e+004 (100.000%)
+---------------------------------------
| More 6 min. 46 sec. will be needed.
+-------------------------------------
03/31/20 22:08:15 : === Optimization step 34 started ===
03/31/20 22:08:15 : Speed analysis started...
03/31/20 22:08:22 : Speed analysis finished.
03/31/20 22:08:22 : Topology Optimization started.
03/31/20 22:08:23 : Topology Optimization finished.
03/31/20 22:08:24 : Static analysis [subcase1] started.
Intel(R) MKL PARDISO: [Sym][202-527MB][Num][Tri][728MB]...finished.
03/31/20 22:08:27 : Static analysis [subcase1] finished.
03/31/20 22:08:27 : Sensitivity analysis started.
03/31/20 22:08:29 : Sensitivity analysis finished.
03/31/20 22:08:29 : Static analysis [subcase2] started.
Intel(R) MKL PARDISO: [Sym][201-521MB][Num][Tri][734MB]...finished.
03/31/20 22:08:33 : Static analysis [subcase2] finished.
03/31/20 22:08:33 : Sensitivity analysis started.
03/31/20 22:08:35 : Sensitivity analysis finished.
03/31/20 22:08:36 : Writing bulk data file ... OK
03/31/20 22:08:36 : === Optimization step 34 finished ===
+-- Objective/Constraint functions ---
| Iteration number 34
| Objective function [  1] :  1.7274156e+001 (345.483%)
| Objective function [  2] :  2.7016423e+001 (1155.117%)
| Objective function [sum] :  3.5703429e+000 (353.499%)
| Constraint function[  1] :  1.9999999e+004 (100.000%)
+---------------------------------------
| More 6 min. 21 sec. will be needed.
+-------------------------------------
03/31/20 22:08:37 : === Optimization step 35 started ===
03/31/20 22:08:37 : Speed analysis started...
03/31/20 22:08:43 : Speed analysis finished.
03/31/20 22:08:43 : Topology Optimization started.
03/31/20 22:08:44 : Topology Optimization finished.
03/31/20 22:08:45 : Static analysis [subcase1] started.
Intel(R) MKL PARDISO: [Sym][201-523MB][Num][Tri][727MB]...finished.
03/31/20 22:08:49 : Static analysis [subcase1] finished.
03/31/20 22:08:49 : Sensitivity analysis started.
03/31/20 22:08:51 : Sensitivity analysis finished.
03/31/20 22:08:51 : Static analysis [subcase2] started.
Intel(R) MKL PARDISO: [Sym][201-521MB][Num][Tri][701MB]...finished.
03/31/20 22:08:56 : Static analysis [subcase2] finished.
03/31/20 22:08:56 : Sensitivity analysis started.
03/31/20 22:08:58 : Sensitivity analysis finished.
03/31/20 22:08:59 : Writing bulk data file ... OK
----------------------------------------
Object[  1]  1.7273238e+001 (345.465%)
Object[  2]  2.7133146e+001 (1160.108%)
Object[sum]  3.5706584e+000 (353.531%)
Const [  1]  1.9999999e+004 (100.000%)
----------------------------------------
03/31/20 22:09:00 : Topology Optimization started.
03/31/20 22:09:01 : Topology Optimization finished.
03/31/20 22:09:02 : Static analysis [subcase1] started.
Intel(R) MKL PARDISO: [Sym][201-522MB][Num][Tri][716MB]...finished.
03/31/20 22:09:05 : Static analysis [subcase1] finished.
03/31/20 22:09:05 : Sensitivity analysis started.
03/31/20 22:09:06 : Sensitivity analysis finished.
03/31/20 22:09:06 : Static analysis [subcase2] started.
Intel(R) MKL PARDISO: [Sym][201-521MB][Num][Tri][697MB]...finished.
03/31/20 22:09:10 : Static analysis [subcase2] finished.
03/31/20 22:09:10 : Sensitivity analysis started.
03/31/20 22:09:11 : Sensitivity analysis finished.
03/31/20 22:09:13 : Writing bulk data file ... OK
03/31/20 22:09:14 : === Optimization step 35 finished ===
+-- Objective/Constraint functions ---
| Iteration number 35
| Objective function [  1] :  1.7273587e+001 (345.472%)
| Objective function [  2] :  2.7091293e+001 (1158.318%)
| Objective function [sum] :  3.5705492e+000 (353.520%)
| Constraint function[  1] :  1.9999999e+004 (100.000%)
+---------------------------------------
| More 6 min. 3 sec. will be needed.
+-------------------------------------
+-------------------------------
| OPTISHAPE-TS has converged    
+-------------------------------
03/31/20 22:09:14 : === Optimization finished ===
+--- Analysis Summary ---
|[Subcase 1]
| Static Analysis
|  Max. Displacement: 1.7291081e-001 (Node ID = 38525)
|   TX: 1.7291067e-001  TY:-2.0331882e-004  TZ: 9.7617658e-005
|   RX: 0.0000000e+000  RY: 0.0000000e+000  RZ: 0.0000000e+000
|  Max. Mises Stress of Solid/Shell Element: 2.4771269e+000
| 
|[Subcase 2]
| Static Analysis
|  Max. Displacement: 1.5172496e+000 (Node ID = 57844)
|   TX: 8.7074725e-001  TY:-1.2425159e+000  TZ:-1.1169666e-004
|   RX: 0.0000000e+000  RY: 0.0000000e+000  RZ: 0.0000000e+000
|  Max. Mises Stress of Solid/Shell Element: 1.7339428e+001
| 
| Assigned Memory   :   16000[MB]
| Max. Memory Usage :    1027[MB]
| Elapsed Time      :   873.0[Sec]  ( 0 Hour 14 Min 33.0 Sec)
| CPU Time          :   872.0[Sec]  ( 0 Hour 14 Min 32.0 Sec)
+------------------------
+--------------------------------
| OPTISHAPE-TS Topology Finished 
+--------------------------------
