+----------------------------
| OPTISHAPE-TS Started
+----------------------------
OPTISHAPE-TS 2019 Topology Module 
Topology Optimization Program based on H1 Gradient Method
Copyright(C) 2003-2019 Quint Corporation
Release 0 Build Nov 25 2019
Platform: WINDOWS EM64T
Windows Version: 10.0 (Windows 10) 
CPU: Intel64(AMD64)  Family:6(0x006)  Model:158(0x9E)  Stepping:12(0xC)
Number of Logical Threads:  8 = 1[CPU] * 8[Core/CPU] * 1[Thread/Core]
  L1I Cache: 8*32[KB] 8-way set assoc. 64[B] line
  L1D Cache: 8*32[KB] 8-way set assoc. 64[B] line
  L2 Cache:  8*256[KB] 4-way set assoc. 64[B] line
  L3 Cache:  1*12288[KB] 12-way set assoc. 64[B] line
Physical Memory:   Total: 23.9[GB]   Used : 10.1[GB]   Free : 13.8[GB]
Page File      :   Total: 27.4[GB]   Used : 16.8[GB]   Free : 10.5[GB]

| WARNING 11041: Intel MKL Pardiso ソルバー(STATIC_SOLVER_TYPE = 4)を使用する際は，パラメータ MEMORY_GRADUALLY_INCREASE_FLAG が強制的に 1 になります．この機能制限は将来のバージョンで削除予定です．
03/31/20 21:51:53 : Reading parameter file [param\0.01_smooth1.0.txt] ... OK
03/31/20 21:51:53 : Available work area : 16000[MBytes]
--- License System Configuration ---
Environment Variable :
  QUINT_LICENSE_FILE=@127.0.0.1
  LM_LICENSE_FILE=
Windows Registry Entry :
  Key  : HKEY_LOCAL_MACHINE\SOFTWARE\FLEXlm License Manager
    Name : QUINT_LICENSE_FILE  ... not found
    Name : LM_LICENSE_FILE     ... not found
  Key  : HKEY_CURRENT_USER\Software\FLEXlm License Manager  ... not found
Parameter File :
  QUINT_LICENSE_FILE = 
------------------------------------
--- Quint License System Information ---
  OPT_SL     : 365 days until expiration
  OPT_SL_SEA : 365 days until expiration
----------------------------------------
03/31/20 21:51:53 : Checking licenses started.
Program license
  Feature: OPT_SL
  Version: 2019.00
SE(Large scale analysis) option license
  Feature: OPT_SL_SEA
  Version: 2019.00
03/31/20 21:51:54 : The program license was obtained successfully.
03/31/20 21:51:54 : SE(Large scale analysis) option license was obtained successfully.
--- Parameters ---
$ **********************************************************
$ 定数
$ **********************************************************
$ 最適化の種類
OPT_TYPE_ANALYSIS = 0
OPT_TYPE_SHAPE    = 1
OPT_TYPE_TOPOLOGY = 2
OPT_TYPE_LEVEL_SET= 4
OPT_TYPE_BEAD     = 5

$ 評価関数の種類
FUNC_TOTAL_VOLUME = 1
FUNC_DESIGN_VOLUME = 2
FUNC_TOTAL_MASS = 3
FUNC_DESIGN_MASS = 4
FUNC_INERTIA_MOMENT = 5
FUNC_SURF_AREA = 6
FUNC_SHAPE_VARIATION = 7
FUNC_CGRAV_DIST = 8
FUNC_THICKNESS_SHORTAGE = 11
FUNC_UNDERCUT = 12
FUNC_THICKNESS_SURPLUS = 13
FUNC_OVERLAP_VOLUME = 21
FUNC_DEFICIT_VOLUME = 22
FUNC_DEVIATION_VOLUME = 23
FUNC_COMPLIANCE = 101
FUNC_MISES_STRESS = 102
FUNC_PR_STRESS = 103
FUNC_PR_STRAIN = 104
FUNC_SHEAR_STRESS = 105
FUNC_DISP = 106
FUNC_APR_STRAIN = 107
FUNC_MIN_PR_STRESS = 108
FUNC_MIN_PR_STRAIN = 109
FUNC_MAX_MISES_STRESS = 110
FUNC_MAX_DISP = 111
FUNC_MAG_DISP = 113
FUNC_EIGENVALUE = 201
FUNC_EIGEN_DISP = 202
FUNC_EIGEN_DIFF = 203
FUNC_NATURAL_FREQUENCY = 204
FUNC_THERMAL_STRESS = 301
FUNC_THERMAL_DISP = 302
FUNC_BUCKLING_LOAD = 401
FUNC_EQUIV_ALT_STRESS = 501
FUNC_NL_COMPLIANCE = 601
FUNC_FREQ_DISP = 701
FUNC_FREQ_VELO = 702
FUNC_FREQ_ACCEL = 703
FUNC_FREQ_NORMAL_A = 704
FUNC_FREQ_NORMAL_P = 705
FUNC_FLUID_PLIN = 801
FUNC_FLUID_PDB = 802
FUNC_BEAD_OFFSET_AREA = 901
FUNC_BEAD_GRAY_AREA_1 = 903
FUNC_BEAD_ROUGHNESS = 904
FUNC_BEAD_GRAY_AREA_2 = 905
FUNC_PLUGIN_STATIC = 1001
FUNC_PLUGIN_GENERAL = 1002

$ 評価関数の評価方法
FUNC_METHOD_RATIO = 0
FUNC_METHOD_ABSOLUTE = 1

$ 形状変動制限の種類
SHAPE_RESTRICT_SECTION = 1
SHAPE_RESTRICT_CASTING = 2
SHAPE_RESTRICT_PLANE = 3
SHAPE_RESTRICT_CYLINDER = 4
SHAPE_RESTRICT_SIM_SECTION = 5
SHAPE_RESTRICT_TANGENTIAL_VARIATION = 6
SHAPE_RESTRICT_WALL = 7
SHAPE_RESTRICT_THICKNESS = 8
SHAPE_RESTRICT_UNIFORM_THICKNESS = 9
SHAPE_RESTRICT_BEAD_GRAD = 13

$ 形状変動制限の種類
LEVEL_SET_RESTRICT_UNDERCUT = 1

$ トポロジー密度変動制限の種類
TOPO_RESTRICT_SECTION = 1
TOPO_RESTRICT_SYMMETRY = 2
TOPO_RESTRICT_SYMMETRY_SECTION = 3
TOPO_RESTRICT_QUARTER = 4
TOPO_RESTRICT_QUARTER_SECTION = 5
TOPO_RESTRICT_CYLINDER = 6
TOPO_RESTRICT_AXISYMMETRY = 7
TOPO_RESTRICT_USER = 8
TOPO_RESTRICT_USER_SECTION = 9

$ トポロジー密度変動制限の指定方法
TOPO_RESTRICT_METHOD_COORD = 0
TOPO_RESTRICT_METHOD_BEAM = 1

$ 解析ソルバーの種類
STATIC_SPARSE = 1
STATIC_ICCG = 3
STATIC_PARDISO = 4
EIGEN_SUBSPACE = 11
EIGEN_LANCZOS = 12

$ 数学定数
PI = 3.1415926535898

$ **********************************************************
$ 共通パラメータ
$ **********************************************************
$ 最適化の種類
OPTIMIZE_TYPE = OPT_TYPE_TOPOLOGY

$ 目的関数
$ Format: { {{function, method}, weighting_factor, subcase, mode, dummy, coordinate, {property...}, {extra_subcase...}}, ...}
OBJECT_FUNC = { {{FUNC_COMPLIANCE, FUNC_METHOD_RATIO}, 1.0000e+000,  1,  0,  0,  0, {}, {}},\
                {{FUNC_COMPLIANCE, FUNC_METHOD_RATIO}, 1.0000e-002,  2,  0,  0,  0, {}, {}} }

$ 制約関数
$ Format: { {{function, method}, constraint_value, subcase, mode, flag, coordinate, {property...}, {extra_subcase...}}, ...}
CONST_FUNC =  { {{FUNC_TOTAL_VOLUME, FUNC_METHOD_RATIO}, 5.0000e-001,  0,  0,  0,  0, {}, {}} }

$ 計算機ごとの設定
SCRATCH_DIR = "."
OUTPUT_DIR = "."
MEM_SIZE = 16000
MEMORY_GRADUALLY_INCREASE_FLAG = 1
SE_OPTION = 1
PARALLEL_THREAD = 8
PARALLEL_PROCESS = 0
QUINT_LICENSE_FILE = 
QUINT_LICENSE_RETRY = 1

$ 解析共通パラメータ
STATIC_SOLVER_TYPE = STATIC_PARDISO
EIGEN_SOLVER_TYPE = EIGEN_LANCZOS
EIGEN_MODE_INC = 1
EXTRA_EIGEN_MODE_INC = -1
VECT_BUF_SIZE = 0
SAVE_VECT_FLAG = 1
MODE_TRACK_TYPE = 2
CG_TOL =  1.0000e+000
$ Format:{{subcase, {element id, ...} (, {property id, ...}) }, ...}
DISABLE_ELEMENT = {  }

$ 最適化共通パラメータ
IT_MAX = 50
NONDESIGN_PROP = { }

$ 接触解析
$ Format: { {subcase, {property, ...} }, ...}
CONTACT_ANALYSIS = {  }
CONTACT_PENALTY = { 1.0000e-001,  1.0000e+004,  1.0000e+004,  1.0000e+001}
CONTACT_TOL = { 1.0000e-003,  1.0000e-003,  1.0000e-020,  1.0000e-003}
CONTACT_IT = {40, 30, 10}
CONTACT_NORMAL_ANGLE_THRESHOLD =  1.5000e+002

$ 大変形解析
$ Format: { {subcase, {{load factor, compliance}, ...} }, ...}
NL_ANALYSIS = {  }
$ Format: { {subcase, {property, ...} }, ...}
NL_ANALYSIS_CONTACT = {  }
NL_CONTACT_PENALTY =  1.0000e+004
NL_CONTACT_TOL = { 1.0000e-003,  1.0000e-020,  1.0000e-003}
NL_CONTACT_IT = 40
NL_CONTACT_NORMAL_ANGLE_THRESHOLD =  1.5000e+002

$ プラグイン
PLUGIN_NAME1 = {  }
PLUGIN_NAME2 = {  }
PLUGIN_NAME_GEN = {  }
PLUGIN_DEBUG = 0
PLUGIN_RELEASE_LICENSE = 0

$ **********************************************************
$ 形状最適化専用パラメータ
$ **********************************************************
$ 形状最適化の重要パラメータ
SHAPE_CONST_SUBCASE = 0

$ 評価関数の重要パラメータ
AVERAGE_STRESS_STRAIN = 2
FAT_TYPE = 1
$ Format: { {group id, {{subcase, weight}, ...}, strength}, ...}
SUBCASE_GROUP = {  }
MINIMUM_THICKNESS =  0.0000e+000
DRAFT_ANGLE =  0.0000e+000
MAXIMUM_THICKNESS =  0.0000e+000
DEVIATION_VOLUME = 0
DEFICIT_VOLUME = 0
OVERLAP_VOLUME = 0
FREQ_NORMAL_SET = {  }
FREQ_NORMAL_ANGLE_NUM = 30


$ 評価関数のオプションパラメータ
EVAL_SHAPE_VARIATION = { 1.0000e+000,  2.0000e+000,  0.0000e+000}
VOLUME_SHIFT =  1.0000e-003

$ 形状変動制限
$ Format: { {type, {property, ...}, coordinate, dimension}, ...}
SHAPE_RESTRICT = {  }
SHAPE_RESTRICT_WALL_PROP = 0

$ 板厚最適化
$ Format: {{property, minimum thickness, maximum thickness}, ...}
SHAPE_PLATE_VARIABLE = {  }

$ 形状最適化のオプションパラメータ
SHAPE_CONV_TOL =  1.0000e-004
SHAPE_NR_MAX = {2, 4}
SHAPE_NR_TYPE = 0
SHAPE_SUBJ_TOL_UPPER = { 2.0000e-002,  5.0000e-003}
SHAPE_SUBJ_TOL_LOWER = { 2.0000e-002,  5.0000e-003}
SHAPE_CONVERGED_LIMIT = { 1.0000e+002,  1.0000e-002}
SHAPE_CONST_CORRECT = { }
SHAPE_CONST_CORRECT_PROP = { }
SHAPE_REDUCE_FLAG = 1
$ Format: {Initial Value, Maximum Value, Minimum Value}
SHAPE_NORMAL_FACT = { 5.0000e-002,  5.0000e-001,  5.0000e-003}
SHAPE_ROBUST_FACT =  0.0000e+000
$ Format: {Allowable Maximum Strain, Allowable Error Factor, Allowable Correcting Factor}
SHAPE_MAX_STR = { 1.0000e-001,  9.5000e-001,  4.0960e+003}
$ Format: {強度, 影響範囲, RBE3 強度, RBE3 感度係数}
SHAPE_RESTRICT_INTENSITY = { 1.0000e+000,  1.0000e+000,  1.0000e+000,  1.0000e+000}
SHAPE_RESTRICT_PROP_BOUND = 0
SHAPE_RESTRICT_RBE3 = 1
SHAPE_EXTRACT_MAX_FACT = { 3.0000e+001,  5.0000e-001}
SHAPE_REMESH_FACT =  1.0000e-002
SHAPE_REMESH_STEP =  { }
SHAPE_REMESH_PROP =  { }

$ **********************************************************
$ トポロジー最適化専用パラメータ
$ **********************************************************
$ トポロジー密度変動制限
$ Format: { {type, {property, ...}, coordinate or EID, length, extra_int, extra_double}, ...}
TOPO_RESTRICT = {  }

$ 型抜きトポロジー最適化の指定
TOPO_DRAW_FLAG = 0
TOPO_DRAW_BASE_COORD = 0
TOPO_DRAW_ZOOM_NUM = 2
TOPO_DRAW_SMOOTH_LENGTH =  0.0000e+000
$ 抜き方向の指定
$ Format: { {Coord ID, Negative(-1) or Positive(Default)  Direction, {Property ID, ...} }, ...}
TOPO_DRAW = {  }

$ トポロジー最適化のオプションパラメータ
TOPO_CONST_SUBCASE = 0
TOPO_CONV_TOL =  1.0000e-004
TOPO_SUBJ_TOL_UPPER = { 2.0000e-002,  5.0000e-003}
TOPO_SUBJ_TOL_LOWER = { 2.0000e-002,  5.0000e-003}
TOPO_NR_MAX = {1, 1}
TOPO_SEGMENTATION_FLAG = 1
TOPO_INIT_MODIFICATION = 0
TOPO_SMOOTH_FACT =  1.0000e+000
TOPO_BETA_FLAG = 0
TOPO_INIT_ZERO_PROP = { }
TOPO_INIT_DENS_IT = -1
TOPO_INIT_DENS_FILE = ""
TOPO_MOVELIMIT =  0.0000e+000
TOPO_BASE_THICKNESS = { }

$ 固有振動数最大化における静剛性重み
$ Format: { {Subcase ID, weight}, ...}
TOPO_EIGEN_STIFF = { {1,  8.0000e-001},\
                         {2,  8.0000e-001} }

$ 細い部材の抑制機能
$ Format: { {length, {property, ...} }, ...}
TOPO_MIN_MEMBER_FILTER = {  }

$ **********************************************************
$ レベルセット法形状最適化専用パラメータ
$ **********************************************************
$ レベルセット法形状最適化の重要パラメータ
LEVEL_SET_EFFECT_LENGTH =  0.00000e+000
LEVEL_SET_CONST_SUBCASE = 0

$ 形状変動制限
$ Format: { {type, {property, ...}, coordinate, dimension}, ...}
LEVEL_SET_RESTRICT = {  }

$ レベルセット法形状最適化のオプションパラメータ
LEVEL_SET_STL_THRESHOLD =  5.00000e-001
LEVEL_SET_HOLE = {  }

$ **********************************************************
$ ビード最適化専用パラメータ
$ **********************************************************
$ ビード最適化の重要パラメータ
BEAD_VARIABLE = {  }
BEAD_INIT_HEIGHT_RATIO =  5.0000000e-001
BEAD_CONST_SUBCASE = 0

$ ビード最適化のオプションパラメータ
BEAD_MOVELIMIT =  5.0000e-001
BEAD_INIT_HEIGHT_FILE = ""
BEAD_FUNC_METHOD = 1

$ **********************************************************
$ 出力ファイル
$ **********************************************************
$ FEM モデル (Nastran Bulk Data フォーマット)
OUTPUT_BULK =  { }
DISABLE_OUTPUT_BULK_DATA = {  }

$ 解析，最適化結果 (Nastran OUTPUT2 フォーマット)
OUTPUT_OP2 =   { }
OUTPUT_SENSITIVITY = 1
OUTPUT_SENSITIVITY_VECTOR = 0
OUTPUT_EIGEN_MODE = 1
OUTPUT_STRESS = 0
OUTPUT_STRAIN = 0
DISABLE_OUTPUT_PROP = { }

$ そのほかのファイル
OUTPUT_FEMAP = 
OUTPUT_STL =   
OUTPUT_IDEAS = 
OUTPUT_DVGRID = 
OUTPUT_ANSYS = 
ANSYS_REFERENCE_FILE = ""

OUTPUT_ALL_PARAM = 1

PARAMETER_FORMAT_VERSION = 2018

------------------
+-- Optimization Control Summary ---
| Number of Objective Functions : 2
| Number of Constraint Functions : 1
| Number of Iterations : 50
+-----------------------------------
03/31/20 21:51:54 : Reading bulk data file [bdf/new_point4.bdf] started.
03/31/20 21:51:56 : Reading bulk data file [bdf/new_point4.bdf] finished.
--- Bulk data summary ---
Element : 29751
    CHEXA : 29750
    RBE2 : 1
Node : 60372
Material : 1
    MAT1 : 1
Property : 1
    PSOLID : 1
B.C. on node: 2123
    SPC : 1406
    MPC : 504
    FORCE : 213
B.C. on element : 0
B.C. on model : 0
Local coordinate system : 0
Direct matrix input : 0
Table : 0
Frequency set : 0
Subcase : 2
Parameter : -1
    GRDPNT    = -1
    INREL     = 0
    WTMASS    =  1.000e+000
    G         =  0.000e+000
    GFL       =  0.000e+000
Rejected data : 0
-------------------------
03/31/20 21:51:56 : Data check ... OK.
Available memory amount : 16000 [MBytes]
Available thread number : 8
03/31/20 21:51:59 : Initializing work arrays ... OK
03/31/20 21:51:59 : === Initial step started ===
03/31/20 21:52:00 : Static analysis [subcase1] started.
Intel(R) MKL PARDISO: [Sym][202-524MB][Num][Tri][711MB]...finished.
03/31/20 21:52:05 : Static analysis [subcase1] finished.
03/31/20 21:52:05 : Sensitivity analysis started.
03/31/20 21:52:06 : Sensitivity analysis finished.
03/31/20 21:52:06 : Static analysis [subcase2] started.
Intel(R) MKL PARDISO: [Sym][202-523MB][Num][Tri][723MB]...finished.
03/31/20 21:52:11 : Static analysis [subcase2] finished.
03/31/20 21:52:11 : Sensitivity analysis started.
03/31/20 21:52:12 : Sensitivity analysis finished.
03/31/20 21:52:12 : Writing bulk data file ... OK
03/31/20 21:52:12 : === Initial step finished ===
+-- Objective/Constraint functions ---
| Iteration number 0
| Objective function [  1] :  5.0000000e+000 (100.000%)
| Objective function [  2] :  2.6526321e+000 (100.000%)
| Objective function [sum] :  1.0100000e+000 (100.000%)
| Constraint function[  1] :  3.9999998e+004 (200.000%)
+---------------------------------------
| More 15 min. 50 sec. will be needed.
+-------------------------------------
03/31/20 21:52:12 : === Optimization step 1 started ===
03/31/20 21:52:12 : Speed analysis started.
03/31/20 21:52:17 : Speed analysis finished.
03/31/20 21:52:17 : Topology Optimization started.
03/31/20 21:52:21 : Topology Optimization finished.
03/31/20 21:52:22 : Static analysis [subcase1] started.
Intel(R) MKL PARDISO: [Sym][199-519MB][Num][Tri][665MB]...finished.
03/31/20 21:52:26 : Static analysis [subcase1] finished.
03/31/20 21:52:26 : Sensitivity analysis started.
03/31/20 21:52:28 : Sensitivity analysis finished.
03/31/20 21:52:28 : Static analysis [subcase2] started.
Intel(R) MKL PARDISO: [Sym][199-518MB][Num][Tri][674MB]...finished.
03/31/20 21:52:32 : Static analysis [subcase2] finished.
03/31/20 21:52:32 : Sensitivity analysis started.
03/31/20 21:52:33 : Sensitivity analysis finished.
03/31/20 21:52:33 : Writing bulk data file ... OK
03/31/20 21:52:34 : === Optimization step 1 finished ===
+-- Objective/Constraint functions ---
| Iteration number 1
| Objective function [  1] :  5.7921080e+000 (115.842%)
| Objective function [  2] :  2.9211306e+000 (110.122%)
| Objective function [sum] :  1.1694338e+000 (115.786%)
| Constraint function[  1] :  3.7200121e+004 (186.001%)
+---------------------------------------
| More 16 min. 44 sec. will be needed.
+-------------------------------------
03/31/20 21:52:34 : === Optimization step 2 started ===
03/31/20 21:52:34 : Speed analysis started.
03/31/20 21:52:37 : Speed analysis finished.
03/31/20 21:52:37 : Topology Optimization started.
03/31/20 21:52:40 : Topology Optimization finished.
03/31/20 21:52:41 : Static analysis [subcase1] started.
Intel(R) MKL PARDISO: [Sym][199-518MB][Num][Tri][668MB]...finished.
03/31/20 21:52:45 : Static analysis [subcase1] finished.
03/31/20 21:52:45 : Sensitivity analysis started.
03/31/20 21:52:46 : Sensitivity analysis finished.
03/31/20 21:52:46 : Static analysis [subcase2] started.
Intel(R) MKL PARDISO: [Sym][199-517MB][Num][Tri][691MB]...finished.
03/31/20 21:52:50 : Static analysis [subcase2] finished.
03/31/20 21:52:50 : Sensitivity analysis started.
03/31/20 21:52:52 : Sensitivity analysis finished.
03/31/20 21:52:53 : Writing bulk data file ... OK
03/31/20 21:52:53 : === Optimization step 2 finished ===
+-- Objective/Constraint functions ---
| Iteration number 2
| Objective function [  1] :  6.8176685e+000 (136.353%)
| Objective function [  2] :  4.0190544e+000 (151.512%)
| Objective function [sum] :  1.3786849e+000 (136.503%)
| Constraint function[  1] :  3.4650825e+004 (173.254%)
+---------------------------------------
| More 16 min. 0 sec. will be needed.
+-------------------------------------
03/31/20 21:52:53 : === Optimization step 3 started ===
03/31/20 21:52:53 : Speed analysis started.
03/31/20 21:52:57 : Speed analysis finished.
03/31/20 21:52:57 : Topology Optimization started.
03/31/20 21:53:00 : Topology Optimization finished.
03/31/20 21:53:01 : Static analysis [subcase1] started.
Intel(R) MKL PARDISO: [Sym][199-518MB][Num][Tri][685MB]...finished.
03/31/20 21:53:04 : Static analysis [subcase1] finished.
03/31/20 21:53:04 : Sensitivity analysis started.
03/31/20 21:53:06 : Sensitivity analysis finished.
03/31/20 21:53:06 : Static analysis [subcase2] started.
Intel(R) MKL PARDISO: [Sym][199-518MB][Num][Tri][664MB]...finished.
03/31/20 21:53:10 : Static analysis [subcase2] finished.
03/31/20 21:53:10 : Sensitivity analysis started.
03/31/20 21:53:12 : Sensitivity analysis finished.
03/31/20 21:53:13 : Writing bulk data file ... OK
03/31/20 21:53:13 : === Optimization step 3 finished ===
+-- Objective/Constraint functions ---
| Iteration number 3
| Objective function [  1] :  7.6667409e+000 (153.335%)
| Objective function [  2] :  3.9839013e+000 (150.187%)
| Objective function [sum] :  1.5483669e+000 (153.304%)
| Constraint function[  1] :  3.2322575e+004 (161.613%)
+---------------------------------------
| More 15 min. 40 sec. will be needed.
+-------------------------------------
03/31/20 21:53:13 : === Optimization step 4 started ===
03/31/20 21:53:13 : Speed analysis started.
03/31/20 21:53:17 : Speed analysis finished.
03/31/20 21:53:17 : Topology Optimization started.
03/31/20 21:53:20 : Topology Optimization finished.
03/31/20 21:53:21 : Static analysis [subcase1] started.
Intel(R) MKL PARDISO: [Sym][199-519MB][Num][Tri][683MB]...finished.
03/31/20 21:53:25 : Static analysis [subcase1] finished.
03/31/20 21:53:25 : Sensitivity analysis started.
03/31/20 21:53:26 : Sensitivity analysis finished.
03/31/20 21:53:26 : Static analysis [subcase2] started.
Intel(R) MKL PARDISO: [Sym][199-518MB][Num][Tri][673MB]...finished.
03/31/20 21:53:31 : Static analysis [subcase2] finished.
03/31/20 21:53:31 : Sensitivity analysis started.
03/31/20 21:53:33 : Sensitivity analysis finished.
03/31/20 21:53:35 : Writing bulk data file ... OK
03/31/20 21:53:35 : === Optimization step 4 finished ===
+-- Objective/Constraint functions ---
| Iteration number 4
| Objective function [  1] :  8.9952442e+000 (179.905%)
| Objective function [  2] :  4.1777822e+000 (157.496%)
| Objective function [sum] :  1.8147984e+000 (179.683%)
| Constraint function[  1] :  3.0190337e+004 (150.952%)
+---------------------------------------
| More 15 min. 38 sec. will be needed.
+-------------------------------------
03/31/20 21:53:35 : === Optimization step 5 started ===
03/31/20 21:53:35 : Speed analysis started.
03/31/20 21:53:39 : Speed analysis finished.
03/31/20 21:53:39 : Topology Optimization started.
03/31/20 21:53:41 : Topology Optimization finished.
03/31/20 21:53:42 : Static analysis [subcase1] started.
Intel(R) MKL PARDISO: [Sym][199-518MB][Num][Tri][669MB]...finished.
03/31/20 21:53:45 : Static analysis [subcase1] finished.
03/31/20 21:53:45 : Sensitivity analysis started.
03/31/20 21:53:47 : Sensitivity analysis finished.
03/31/20 21:53:47 : Static analysis [subcase2] started.
Intel(R) MKL PARDISO: [Sym][199-518MB][Num][Tri][677MB]...finished.
03/31/20 21:53:51 : Static analysis [subcase2] finished.
03/31/20 21:53:51 : Sensitivity analysis started.
03/31/20 21:53:53 : Sensitivity analysis finished.
03/31/20 21:53:55 : Writing bulk data file ... OK
03/31/20 21:53:55 : === Optimization step 5 finished ===
+-- Objective/Constraint functions ---
| Iteration number 5
| Objective function [  1] :  1.0087275e+001 (201.745%)
| Objective function [  2] :  5.0522058e+000 (190.460%)
| Objective function [sum] :  2.0365009e+000 (201.634%)
| Constraint function[  1] :  2.8232513e+004 (141.163%)
+---------------------------------------
| More 15 min. 15 sec. will be needed.
+-------------------------------------
03/31/20 21:53:55 : === Optimization step 6 started ===
03/31/20 21:53:55 : Speed analysis started.
03/31/20 21:54:00 : Speed analysis finished.
03/31/20 21:54:00 : Topology Optimization started.
03/31/20 21:54:02 : Topology Optimization finished.
03/31/20 21:54:03 : Static analysis [subcase1] started.
Intel(R) MKL PARDISO: [Sym][199-521MB][Num][Tri][699MB]...finished.
03/31/20 21:54:06 : Static analysis [subcase1] finished.
03/31/20 21:54:06 : Sensitivity analysis started.
03/31/20 21:54:08 : Sensitivity analysis finished.
03/31/20 21:54:08 : Static analysis [subcase2] started.
Intel(R) MKL PARDISO: [Sym][199-517MB][Num][Tri][658MB]...finished.
03/31/20 21:54:13 : Static analysis [subcase2] finished.
03/31/20 21:54:13 : Sensitivity analysis started.
03/31/20 21:54:14 : Sensitivity analysis finished.
03/31/20 21:54:16 : Writing bulk data file ... OK
03/31/20 21:54:16 : === Optimization step 6 finished ===
+-- Objective/Constraint functions ---
| Iteration number 6
| Objective function [  1] :  1.1601863e+001 (232.037%)
| Objective function [  2] :  5.6244792e+000 (212.034%)
| Objective function [sum] :  2.3415760e+000 (231.839%)
| Constraint function[  1] :  2.6430670e+004 (132.153%)
+---------------------------------------
| More 14 min. 58 sec. will be needed.
+-------------------------------------
03/31/20 21:54:16 : === Optimization step 7 started ===
03/31/20 21:54:16 : Speed analysis started.
03/31/20 21:54:21 : Speed analysis finished.
03/31/20 21:54:21 : Topology Optimization started.
03/31/20 21:54:23 : Topology Optimization finished.
03/31/20 21:54:24 : Static analysis [subcase1] started.
Intel(R) MKL PARDISO: [Sym][199-517MB][Num][Tri][681MB]...finished.
03/31/20 21:54:27 : Static analysis [subcase1] finished.
03/31/20 21:54:27 : Sensitivity analysis started.
03/31/20 21:54:29 : Sensitivity analysis finished.
03/31/20 21:54:29 : Static analysis [subcase2] started.
Intel(R) MKL PARDISO: [Sym][199-517MB][Num][Tri][663MB]...finished.
03/31/20 21:54:33 : Static analysis [subcase2] finished.
03/31/20 21:54:33 : Sensitivity analysis started.
03/31/20 21:54:35 : Sensitivity analysis finished.
03/31/20 21:54:36 : Writing bulk data file ... OK
03/31/20 21:54:37 : === Optimization step 7 finished ===
+-- Objective/Constraint functions ---
| Iteration number 7
| Objective function [  1] :  1.3282628e+001 (265.653%)
| Objective function [  2] :  6.6265961e+000 (249.812%)
| Objective function [sum] :  2.6815068e+000 (265.496%)
| Constraint function[  1] :  2.4768795e+004 (123.844%)
+---------------------------------------
| More 14 min. 41 sec. will be needed.
+-------------------------------------
03/31/20 21:54:37 : === Optimization step 8 started ===
03/31/20 21:54:37 : Speed analysis started.
03/31/20 21:54:43 : Speed analysis finished.
03/31/20 21:54:43 : Topology Optimization started.
03/31/20 21:54:45 : Topology Optimization finished.
03/31/20 21:54:45 : Static analysis [subcase1] started.
Intel(R) MKL PARDISO: [Sym][199-516MB][Num][Tri][676MB]...finished.
03/31/20 21:54:48 : Static analysis [subcase1] finished.
03/31/20 21:54:48 : Sensitivity analysis started.
03/31/20 21:54:49 : Sensitivity analysis finished.
03/31/20 21:54:50 : Static analysis [subcase2] started.
Intel(R) MKL PARDISO: [Sym][199-516MB][Num][Tri][690MB]...finished.
03/31/20 21:54:53 : Static analysis [subcase2] finished.
03/31/20 21:54:53 : Sensitivity analysis started.
03/31/20 21:54:56 : Sensitivity analysis finished.
03/31/20 21:54:57 : Writing bulk data file ... OK
03/31/20 21:54:57 : === Optimization step 8 finished ===
+-- Objective/Constraint functions ---
| Iteration number 8
| Objective function [  1] :  1.5067278e+001 (301.346%)
| Objective function [  2] :  7.7877332e+000 (293.585%)
| Objective function [sum] :  3.0428141e+000 (301.269%)
| Constraint function[  1] :  2.3233057e+004 (116.165%)
+---------------------------------------
| More 14 min. 18 sec. will be needed.
+-------------------------------------
03/31/20 21:54:57 : === Optimization step 9 started ===
03/31/20 21:54:57 : Speed analysis started.
03/31/20 21:55:03 : Speed analysis finished.
03/31/20 21:55:03 : Topology Optimization started.
03/31/20 21:55:05 : Topology Optimization finished.
03/31/20 21:55:06 : Static analysis [subcase1] started.
Intel(R) MKL PARDISO: [Sym][199-518MB][Num][Tri][674MB]...finished.
03/31/20 21:55:09 : Static analysis [subcase1] finished.
03/31/20 21:55:09 : Sensitivity analysis started.
03/31/20 21:55:10 : Sensitivity analysis finished.
03/31/20 21:55:10 : Static analysis [subcase2] started.
Intel(R) MKL PARDISO: [Sym][199-517MB][Num][Tri][663MB]...finished.
03/31/20 21:55:14 : Static analysis [subcase2] finished.
03/31/20 21:55:14 : Sensitivity analysis started.
03/31/20 21:55:16 : Sensitivity analysis finished.
03/31/20 21:55:18 : Writing bulk data file ... OK
03/31/20 21:55:18 : === Optimization step 9 finished ===
+-- Objective/Constraint functions ---
| Iteration number 9
| Objective function [  1] :  1.6814342e+001 (336.287%)
| Objective function [  2] :  9.9377223e+000 (374.636%)
| Objective function [sum] :  3.4003321e+000 (336.667%)
| Constraint function[  1] :  2.1811276e+004 (109.056%)
+---------------------------------------
| More 14 min. 0 sec. will be needed.
+-------------------------------------
03/31/20 21:55:18 : === Optimization step 10 started ===
03/31/20 21:55:18 : Speed analysis started.
03/31/20 21:55:24 : Speed analysis finished.
03/31/20 21:55:24 : Topology Optimization started.
03/31/20 21:55:26 : Topology Optimization finished.
03/31/20 21:55:26 : Static analysis [subcase1] started.
Intel(R) MKL PARDISO: [Sym][200-517MB][Num][Tri][674MB]...finished.
03/31/20 21:55:29 : Static analysis [subcase1] finished.
03/31/20 21:55:29 : Sensitivity analysis started.
03/31/20 21:55:31 : Sensitivity analysis finished.
03/31/20 21:55:31 : Static analysis [subcase2] started.
Intel(R) MKL PARDISO: [Sym][199-518MB][Num][Tri][669MB]...finished.
03/31/20 21:55:35 : Static analysis [subcase2] finished.
03/31/20 21:55:35 : Sensitivity analysis started.
03/31/20 21:55:37 : Sensitivity analysis finished.
03/31/20 21:55:38 : Writing bulk data file ... OK
03/31/20 21:55:39 : === Optimization step 10 finished ===
+-- Objective/Constraint functions ---
| Iteration number 10
| Objective function [  1] :  1.8369720e+001 (367.394%)
| Objective function [  2] :  1.6094367e+001 (606.732%)
| Objective function [sum] :  3.7346172e+000 (369.764%)
| Constraint function[  1] :  2.0492776e+004 (102.464%)
+---------------------------------------
| More 13 min. 41 sec. will be needed.
+-------------------------------------
03/31/20 21:55:39 : === Optimization step 11 started ===
03/31/20 21:55:39 : Speed analysis started.
03/31/20 21:55:44 : Speed analysis finished.
03/31/20 21:55:44 : Topology Optimization started.
03/31/20 21:55:46 : Topology Optimization finished.
03/31/20 21:55:46 : Static analysis [subcase1] started.
Intel(R) MKL PARDISO: [Sym][200-522MB][Num][Tri][722MB]...finished.
03/31/20 21:55:50 : Static analysis [subcase1] finished.
03/31/20 21:55:50 : Sensitivity analysis started.
03/31/20 21:55:51 : Sensitivity analysis finished.
03/31/20 21:55:51 : Static analysis [subcase2] started.
Intel(R) MKL PARDISO: [Sym][200-521MB][Num][Tri][697MB]...finished.
03/31/20 21:55:55 : Static analysis [subcase2] finished.
03/31/20 21:55:55 : Sensitivity analysis started.
03/31/20 21:55:57 : Sensitivity analysis finished.
03/31/20 21:55:58 : Writing bulk data file ... OK
03/31/20 21:55:59 : === Optimization step 11 finished ===
+-- Objective/Constraint functions ---
| Iteration number 11
| Objective function [  1] :  1.8371274e+001 (367.425%)
| Objective function [  2] :  5.4932929e+001 (2070.884%)
| Objective function [sum] :  3.8813431e+000 (384.291%)
| Constraint function[  1] :  2.0000000e+004 (100.000%)
+---------------------------------------
| More 13 min. 19 sec. will be needed.
+-------------------------------------
03/31/20 21:55:59 : === Optimization step 12 started ===
03/31/20 21:55:59 : Speed analysis started.
03/31/20 21:56:04 : Speed analysis finished.
03/31/20 21:56:04 : Topology Optimization started.
03/31/20 21:56:06 : Topology Optimization finished.
03/31/20 21:56:06 : Static analysis [subcase1] started.
Intel(R) MKL PARDISO: [Sym][200-517MB][Num][Tri][707MB]...finished.
03/31/20 21:56:10 : Static analysis [subcase1] finished.
03/31/20 21:56:10 : Sensitivity analysis started.
03/31/20 21:56:11 : Sensitivity analysis finished.
03/31/20 21:56:11 : Static analysis [subcase2] started.
Intel(R) MKL PARDISO: [Sym][200-523MB][Num][Tri][689MB]...finished.
03/31/20 21:56:15 : Static analysis [subcase2] finished.
03/31/20 21:56:15 : Sensitivity analysis started.
03/31/20 21:56:17 : Sensitivity analysis finished.
03/31/20 21:56:19 : Writing bulk data file ... OK
----------------------------------------
Object[  1]  1.8462835e+001 (369.257%)
Object[  2]  7.2952276e+001 (2750.184%)
Object[sum]  3.9675855e+000 (392.830%)
Const [  1]  2.0000000e+004 (100.000%)
----------------------------------------
03/31/20 21:56:19 : Topology Optimization started.
03/31/20 21:56:21 : Topology Optimization finished.
03/31/20 21:56:21 : Static analysis [subcase1] started.
Intel(R) MKL PARDISO: [Sym][200-518MB][Num][Tri][722MB]...finished.
03/31/20 21:56:24 : Static analysis [subcase1] finished.
03/31/20 21:56:24 : Sensitivity analysis started.
03/31/20 21:56:25 : Sensitivity analysis finished.
03/31/20 21:56:26 : Static analysis [subcase2] started.
Intel(R) MKL PARDISO: [Sym][200-518MB][Num][Tri][707MB]...finished.
03/31/20 21:56:28 : Static analysis [subcase2] finished.
03/31/20 21:56:28 : Sensitivity analysis started.
03/31/20 21:56:29 : Sensitivity analysis finished.
03/31/20 21:56:30 : Writing bulk data file ... OK
03/31/20 21:56:30 : === Optimization step 12 finished ===
+-- Objective/Constraint functions ---
| Iteration number 12
| Objective function [  1] :  1.8500719e+001 (370.014%)
| Objective function [  2] :  4.0739487e+001 (1535.814%)
| Objective function [sum] :  3.8537251e+000 (381.557%)
| Constraint function[  1] :  1.9999999e+004 (100.000%)
+---------------------------------------
| More 13 min. 29 sec. will be needed.
+-------------------------------------
03/31/20 21:56:30 : === Optimization step 13 started ===
03/31/20 21:56:30 : Speed analysis started.
03/31/20 21:56:39 : Speed analysis finished.
03/31/20 21:56:39 : Topology Optimization started.
03/31/20 21:56:41 : Topology Optimization finished.
03/31/20 21:56:41 : Static analysis [subcase1] started.
Intel(R) MKL PARDISO: [Sym][200-518MB][Num][Tri][693MB]...finished.
03/31/20 21:56:44 : Static analysis [subcase1] finished.
03/31/20 21:56:44 : Sensitivity analysis started.
03/31/20 21:56:45 : Sensitivity analysis finished.
03/31/20 21:56:46 : Static analysis [subcase2] started.
Intel(R) MKL PARDISO: [Sym][200-518MB][Num][Tri][703MB]...finished.
03/31/20 21:56:48 : Static analysis [subcase2] finished.
03/31/20 21:56:48 : Sensitivity analysis started.
03/31/20 21:56:49 : Sensitivity analysis finished.
03/31/20 21:56:50 : Writing bulk data file ... OK
03/31/20 21:56:50 : === Optimization step 13 finished ===
+-- Objective/Constraint functions ---
| Iteration number 13
| Objective function [  1] :  1.8091326e+001 (361.827%)
| Objective function [  2] :  4.0447058e+001 (1524.790%)
| Objective function [sum] :  3.7707441e+000 (373.341%)
| Constraint function[  1] :  1.9999999e+004 (100.000%)
+---------------------------------------
| More 13 min. 4 sec. will be needed.
+-------------------------------------
03/31/20 21:56:50 : === Optimization step 14 started ===
03/31/20 21:56:50 : Speed analysis started.
03/31/20 21:56:59 : Speed analysis finished.
03/31/20 21:56:59 : Topology Optimization started.
03/31/20 21:57:00 : Topology Optimization finished.
03/31/20 21:57:01 : Static analysis [subcase1] started.
Intel(R) MKL PARDISO: [Sym][200-519MB][Num][Tri][712MB]...finished.
03/31/20 21:57:04 : Static analysis [subcase1] finished.
03/31/20 21:57:04 : Sensitivity analysis started.
03/31/20 21:57:05 : Sensitivity analysis finished.
03/31/20 21:57:05 : Static analysis [subcase2] started.
Intel(R) MKL PARDISO: [Sym][200-518MB][Num][Tri][719MB]...finished.
03/31/20 21:57:08 : Static analysis [subcase2] finished.
03/31/20 21:57:08 : Sensitivity analysis started.
03/31/20 21:57:09 : Sensitivity analysis finished.
03/31/20 21:57:10 : Writing bulk data file ... OK
03/31/20 21:57:10 : === Optimization step 14 finished ===
+-- Objective/Constraint functions ---
| Iteration number 14
| Objective function [  1] :  1.7833788e+001 (356.676%)
| Objective function [  2] :  4.9628787e+001 (1870.926%)
| Objective function [sum] :  3.7538503e+000 (371.668%)
| Constraint function[  1] :  1.9999999e+004 (100.000%)
+---------------------------------------
| More 12 min. 40 sec. will be needed.
+-------------------------------------
03/31/20 21:57:10 : === Optimization step 15 started ===
03/31/20 21:57:10 : Speed analysis started.
03/31/20 21:57:18 : Speed analysis finished.
03/31/20 21:57:18 : Topology Optimization started.
03/31/20 21:57:20 : Topology Optimization finished.
03/31/20 21:57:21 : Static analysis [subcase1] started.
Intel(R) MKL PARDISO: [Sym][201-521MB][Num][Tri][701MB]...finished.
03/31/20 21:57:25 : Static analysis [subcase1] finished.
03/31/20 21:57:25 : Sensitivity analysis started.
03/31/20 21:57:26 : Sensitivity analysis finished.
03/31/20 21:57:26 : Static analysis [subcase2] started.
Intel(R) MKL PARDISO: [Sym][201-524MB][Num][Tri][724MB]...finished.
03/31/20 21:57:30 : Static analysis [subcase2] finished.
03/31/20 21:57:30 : Sensitivity analysis started.
03/31/20 21:57:31 : Sensitivity analysis finished.
03/31/20 21:57:32 : Writing bulk data file ... OK
03/31/20 21:57:34 : === Optimization step 15 finished ===
+-- Objective/Constraint functions ---
| Iteration number 15
| Objective function [  1] :  1.7701141e+001 (354.023%)
| Objective function [  2] :  3.4010737e+001 (1282.151%)
| Objective function [sum] :  3.6684433e+000 (363.212%)
| Constraint function[  1] :  1.9999999e+004 (100.000%)
+---------------------------------------
| More 12 min. 25 sec. will be needed.
+-------------------------------------
03/31/20 21:57:34 : === Optimization step 16 started ===
03/31/20 21:57:34 : Speed analysis started.
03/31/20 21:57:39 : Speed analysis finished.
03/31/20 21:57:39 : Topology Optimization started.
03/31/20 21:57:41 : Topology Optimization finished.
03/31/20 21:57:42 : Static analysis [subcase1] started.
Intel(R) MKL PARDISO: [Sym][201-525MB][Num][Tri][720MB]...finished.
03/31/20 21:57:45 : Static analysis [subcase1] finished.
03/31/20 21:57:45 : Sensitivity analysis started.
03/31/20 21:57:47 : Sensitivity analysis finished.
03/31/20 21:57:47 : Static analysis [subcase2] started.
Intel(R) MKL PARDISO: [Sym][201-519MB][Num][Tri][714MB]...finished.
03/31/20 21:57:50 : Static analysis [subcase2] finished.
03/31/20 21:57:50 : Sensitivity analysis started.
03/31/20 21:57:51 : Sensitivity analysis finished.
03/31/20 21:57:52 : Writing bulk data file ... OK
03/31/20 21:57:53 : === Optimization step 16 finished ===
+-- Objective/Constraint functions ---
| Iteration number 16
| Objective function [  1] :  1.7294999e+001 (345.900%)
| Objective function [  2] :  3.5111024e+001 (1323.630%)
| Objective function [sum] :  3.5913629e+000 (355.580%)
| Constraint function[  1] :  1.9999999e+004 (100.000%)
+---------------------------------------
| More 12 min. 0 sec. will be needed.
+-------------------------------------
03/31/20 21:57:53 : === Optimization step 17 started ===
03/31/20 21:57:53 : Speed analysis started.
03/31/20 21:57:58 : Speed analysis finished.
03/31/20 21:57:58 : Topology Optimization started.
03/31/20 21:58:00 : Topology Optimization finished.
03/31/20 21:58:00 : Static analysis [subcase1] started.
Intel(R) MKL PARDISO: [Sym][201-520MB][Num][Tri][719MB]...finished.
03/31/20 21:58:04 : Static analysis [subcase1] finished.
03/31/20 21:58:04 : Sensitivity analysis started.
03/31/20 21:58:06 : Sensitivity analysis finished.
03/31/20 21:58:06 : Static analysis [subcase2] started.
Intel(R) MKL PARDISO: [Sym][201-521MB][Num][Tri][702MB]...finished.
03/31/20 21:58:10 : Static analysis [subcase2] finished.
03/31/20 21:58:10 : Sensitivity analysis started.
03/31/20 21:58:11 : Sensitivity analysis finished.
03/31/20 21:58:12 : Writing bulk data file ... OK
03/31/20 21:58:12 : === Optimization step 17 finished ===
+-- Objective/Constraint functions ---
| Iteration number 17
| Objective function [  1] :  1.6930326e+001 (338.607%)
| Objective function [  2] :  4.6886587e+001 (1767.550%)
| Objective function [sum] :  3.5628202e+000 (352.754%)
| Constraint function[  1] :  1.9999999e+004 (100.000%)
+---------------------------------------
| More 11 min. 34 sec. will be needed.
+-------------------------------------
03/31/20 21:58:12 : === Optimization step 18 started ===
03/31/20 21:58:12 : Speed analysis started.
03/31/20 21:58:18 : Speed analysis finished.
03/31/20 21:58:18 : Topology Optimization started.
03/31/20 21:58:19 : Topology Optimization finished.
03/31/20 21:58:20 : Static analysis [subcase1] started.
Intel(R) MKL PARDISO: [Sym][202-521MB][Num][Tri][746MB]...finished.
03/31/20 21:58:24 : Static analysis [subcase1] finished.
03/31/20 21:58:24 : Sensitivity analysis started.
03/31/20 21:58:25 : Sensitivity analysis finished.
03/31/20 21:58:25 : Static analysis [subcase2] started.
Intel(R) MKL PARDISO: [Sym][201-521MB][Num][Tri][740MB]...finished.
03/31/20 21:58:30 : Static analysis [subcase2] finished.
03/31/20 21:58:30 : Sensitivity analysis started.
03/31/20 21:58:31 : Sensitivity analysis finished.
03/31/20 21:58:32 : Writing bulk data file ... OK
----------------------------------------
Object[  1]  1.6978927e+001 (339.579%)
Object[  2]  5.6069398e+001 (2113.727%)
Object[sum]  3.6071582e+000 (357.144%)
Const [  1]  1.9999999e+004 (100.000%)
----------------------------------------
03/31/20 21:58:32 : Topology Optimization started.
03/31/20 21:58:34 : Topology Optimization finished.
03/31/20 21:58:35 : Static analysis [subcase1] started.
Intel(R) MKL PARDISO: [Sym][202-523MB][Num][Tri][724MB]...finished.
03/31/20 21:58:38 : Static analysis [subcase1] finished.
03/31/20 21:58:38 : Sensitivity analysis started.
03/31/20 21:58:39 : Sensitivity analysis finished.
03/31/20 21:58:39 : Static analysis [subcase2] started.
Intel(R) MKL PARDISO: [Sym][201-523MB][Num][Tri][732MB]...finished.
03/31/20 21:58:42 : Static analysis [subcase2] finished.
03/31/20 21:58:42 : Sensitivity analysis started.
03/31/20 21:58:44 : Sensitivity analysis finished.
03/31/20 21:58:45 : Writing bulk data file ... OK
03/31/20 21:58:46 : === Optimization step 18 finished ===
+-- Objective/Constraint functions ---
| Iteration number 18
| Objective function [  1] :  1.6898716e+001 (337.974%)
| Objective function [  2] :  3.8086820e+001 (1435.812%)
| Objective function [sum] :  3.5233244e+000 (348.844%)
| Constraint function[  1] :  1.9999999e+004 (100.000%)
+---------------------------------------
| More 11 min. 35 sec. will be needed.
+-------------------------------------
03/31/20 21:58:46 : === Optimization step 19 started ===
03/31/20 21:58:46 : Speed analysis started...
03/31/20 21:58:53 : Speed analysis finished.
03/31/20 21:58:53 : Topology Optimization started.
03/31/20 21:58:55 : Topology Optimization finished.
03/31/20 21:58:55 : Static analysis [subcase1] started.
Intel(R) MKL PARDISO: [Sym][202-523MB][Num][Tri][721MB]...finished.
03/31/20 21:58:58 : Static analysis [subcase1] finished.
03/31/20 21:58:58 : Sensitivity analysis started.
03/31/20 21:58:59 : Sensitivity analysis finished.
03/31/20 21:58:59 : Static analysis [subcase2] started.
Intel(R) MKL PARDISO: [Sym][201-521MB][Num][Tri][735MB]...finished.
03/31/20 21:59:03 : Static analysis [subcase2] finished.
03/31/20 21:59:03 : Sensitivity analysis started.
03/31/20 21:59:04 : Sensitivity analysis finished.
03/31/20 21:59:06 : Writing bulk data file ... OK
03/31/20 21:59:06 : === Optimization step 19 finished ===
+-- Objective/Constraint functions ---
| Iteration number 19
| Objective function [  1] :  1.6708050e+001 (334.161%)
| Objective function [  2] :  3.6333478e+001 (1369.714%)
| Objective function [sum] :  3.4785815e+000 (344.414%)
| Constraint function[  1] :  2.0000001e+004 (100.000%)
+---------------------------------------
| More 11 min. 11 sec. will be needed.
+-------------------------------------
03/31/20 21:59:06 : === Optimization step 20 started ===
03/31/20 21:59:07 : Speed analysis started...
03/31/20 21:59:14 : Speed analysis finished.
03/31/20 21:59:14 : Topology Optimization started.
03/31/20 21:59:15 : Topology Optimization finished.
03/31/20 21:59:15 : Static analysis [subcase1] started.
Intel(R) MKL PARDISO: [Sym][202-522MB][Num][Tri][717MB]...finished.
03/31/20 21:59:18 : Static analysis [subcase1] finished.
03/31/20 21:59:18 : Sensitivity analysis started.
03/31/20 21:59:20 : Sensitivity analysis finished.
03/31/20 21:59:20 : Static analysis [subcase2] started.
Intel(R) MKL PARDISO: [Sym][202-522MB][Num][Tri][732MB]...finished.
03/31/20 21:59:24 : Static analysis [subcase2] finished.
03/31/20 21:59:24 : Sensitivity analysis started.
03/31/20 21:59:25 : Sensitivity analysis finished.
03/31/20 21:59:27 : Writing bulk data file ... OK
03/31/20 21:59:27 : === Optimization step 20 finished ===
+-- Objective/Constraint functions ---
| Iteration number 20
| Objective function [  1] :  1.6511583e+001 (330.232%)
| Objective function [  2] :  3.6094556e+001 (1360.707%)
| Objective function [sum] :  3.4383873e+000 (340.434%)
| Constraint function[  1] :  1.9999999e+004 (100.000%)
+---------------------------------------
| More 10 min. 48 sec. will be needed.
+-------------------------------------
03/31/20 21:59:27 : === Optimization step 21 started ===
03/31/20 21:59:27 : Speed analysis started.
03/31/20 21:59:34 : Speed analysis finished.
03/31/20 21:59:34 : Topology Optimization started.
03/31/20 21:59:36 : Topology Optimization finished.
03/31/20 21:59:36 : Static analysis [subcase1] started.
Intel(R) MKL PARDISO: [Sym][202-528MB][Num][Tri][713MB]...finished.
03/31/20 21:59:39 : Static analysis [subcase1] finished.
03/31/20 21:59:39 : Sensitivity analysis started.
03/31/20 21:59:41 : Sensitivity analysis finished.
03/31/20 21:59:41 : Static analysis [subcase2] started.
Intel(R) MKL PARDISO: [Sym][202-522MB][Num][Tri][717MB]...finished.
03/31/20 21:59:45 : Static analysis [subcase2] finished.
03/31/20 21:59:45 : Sensitivity analysis started.
03/31/20 21:59:46 : Sensitivity analysis finished.
03/31/20 21:59:48 : Writing bulk data file ... OK
----------------------------------------
Object[  1]  1.6484488e+001 (329.690%)
Object[  2]  5.2169449e+001 (1966.705%)
Object[sum]  3.4935681e+000 (345.898%)
Const [  1]  1.9999999e+004 (100.000%)
----------------------------------------
03/31/20 21:59:48 : Topology Optimization started.
03/31/20 21:59:50 : Topology Optimization finished.
03/31/20 21:59:51 : Static analysis [subcase1] started.
Intel(R) MKL PARDISO: [Sym][202-525MB][Num][Tri][735MB]...finished.
03/31/20 21:59:54 : Static analysis [subcase1] finished.
03/31/20 21:59:54 : Sensitivity analysis started.
03/31/20 21:59:55 : Sensitivity analysis finished.
03/31/20 21:59:56 : Static analysis [subcase2] started.
Intel(R) MKL PARDISO: [Sym][202-524MB][Num][Tri][729MB]...finished.
03/31/20 21:59:58 : Static analysis [subcase2] finished.
03/31/20 21:59:58 : Sensitivity analysis started.
03/31/20 21:59:59 : Sensitivity analysis finished.
03/31/20 22:00:00 : Writing bulk data file ... OK
03/31/20 22:00:00 : === Optimization step 21 finished ===
+-- Objective/Constraint functions ---
| Iteration number 21
| Objective function [  1] :  1.6467392e+001 (329.348%)
| Objective function [  2] :  3.4379825e+001 (1296.065%)
| Objective function [sum] :  3.4230849e+000 (338.919%)
| Constraint function[  1] :  1.9999999e+004 (100.000%)
+---------------------------------------
| More 10 min. 41 sec. will be needed.
+-------------------------------------
03/31/20 22:00:00 : === Optimization step 22 started ===
03/31/20 22:00:00 : Speed analysis started...
03/31/20 22:00:08 : Speed analysis finished.
03/31/20 22:00:08 : Topology Optimization started.
03/31/20 22:00:10 : Topology Optimization finished.
03/31/20 22:00:11 : Static analysis [subcase1] started.
Intel(R) MKL PARDISO: [Sym][202-523MB][Num][Tri][717MB]...finished.
03/31/20 22:00:15 : Static analysis [subcase1] finished.
03/31/20 22:00:15 : Sensitivity analysis started.
03/31/20 22:00:16 : Sensitivity analysis finished.
03/31/20 22:00:16 : Static analysis [subcase2] started.
Intel(R) MKL PARDISO: [Sym][202-522MB][Num][Tri][713MB]...finished.
03/31/20 22:00:20 : Static analysis [subcase2] finished.
03/31/20 22:00:20 : Sensitivity analysis started.
03/31/20 22:00:21 : Sensitivity analysis finished.
03/31/20 22:00:22 : Writing bulk data file ... OK
03/31/20 22:00:22 : === Optimization step 22 finished ===
+-- Objective/Constraint functions ---
| Iteration number 22
| Objective function [  1] :  1.6392894e+001 (327.858%)
| Objective function [  2] :  3.5140313e+001 (1324.734%)
| Objective function [sum] :  3.4110522e+000 (337.728%)
| Constraint function[  1] :  1.9999999e+004 (100.000%)
+---------------------------------------
| More 10 min. 19 sec. will be needed.
+-------------------------------------
03/31/20 22:00:22 : === Optimization step 23 started ===
03/31/20 22:00:22 : Speed analysis started...
03/31/20 22:00:28 : Speed analysis finished.
03/31/20 22:00:28 : Topology Optimization started.
03/31/20 22:00:30 : Topology Optimization finished.
03/31/20 22:00:30 : Static analysis [subcase1] started.
Intel(R) MKL PARDISO: [Sym][202-522MB][Num][Tri][730MB]...finished.
03/31/20 22:00:34 : Static analysis [subcase1] finished.
03/31/20 22:00:34 : Sensitivity analysis started.
03/31/20 22:00:35 : Sensitivity analysis finished.
03/31/20 22:00:35 : Static analysis [subcase2] started.
Intel(R) MKL PARDISO: [Sym][202-522MB][Num][Tri][717MB]...finished.
03/31/20 22:00:39 : Static analysis [subcase2] finished.
03/31/20 22:00:39 : Sensitivity analysis started.
03/31/20 22:00:41 : Sensitivity analysis finished.
03/31/20 22:00:42 : Writing bulk data file ... OK
----------------------------------------
Object[  1]  1.6376178e+001 (327.524%)
Object[  2]  5.0131736e+001 (1889.887%)
Object[sum]  3.4642243e+000 (342.993%)
Const [  1]  1.9999999e+004 (100.000%)
----------------------------------------
03/31/20 22:00:42 : Topology Optimization started.
03/31/20 22:00:45 : Topology Optimization finished.
03/31/20 22:00:46 : Static analysis [subcase1] started.
Intel(R) MKL PARDISO: [Sym][202-524MB][Num][Tri][718MB]...finished.
03/31/20 22:00:50 : Static analysis [subcase1] finished.
03/31/20 22:00:50 : Sensitivity analysis started.
03/31/20 22:00:51 : Sensitivity analysis finished.
03/31/20 22:00:51 : Static analysis [subcase2] started.
Intel(R) MKL PARDISO: [Sym][202-523MB][Num][Tri][718MB]...finished.
03/31/20 22:00:54 : Static analysis [subcase2] finished.
03/31/20 22:00:54 : Sensitivity analysis started.
03/31/20 22:00:55 : Sensitivity analysis finished.
03/31/20 22:00:56 : Writing bulk data file ... OK
03/31/20 22:00:56 : === Optimization step 23 finished ===
+-- Objective/Constraint functions ---
| Iteration number 23
| Objective function [  1] :  1.6374788e+001 (327.496%)
| Objective function [  2] :  3.4511323e+001 (1301.022%)
| Objective function [sum] :  3.4050599e+000 (337.135%)
| Constraint function[  1] :  1.9999998e+004 (100.000%)
+---------------------------------------
| More 10 min. 10 sec. will be needed.
+-------------------------------------
03/31/20 22:00:56 : === Optimization step 24 started ===
03/31/20 22:00:56 : Speed analysis started.
03/31/20 22:01:02 : Speed analysis finished.
03/31/20 22:01:02 : Topology Optimization started.
03/31/20 22:01:04 : Topology Optimization finished.
03/31/20 22:01:05 : Static analysis [subcase1] started.
Intel(R) MKL PARDISO: [Sym][202-526MB][Num][Tri][742MB]...finished.
03/31/20 22:01:09 : Static analysis [subcase1] finished.
03/31/20 22:01:09 : Sensitivity analysis started.
03/31/20 22:01:10 : Sensitivity analysis finished.
03/31/20 22:01:10 : Static analysis [subcase2] started.
Intel(R) MKL PARDISO: [Sym][202-529MB][Num][Tri][740MB]...finished.
03/31/20 22:01:14 : Static analysis [subcase2] finished.
03/31/20 22:01:14 : Sensitivity analysis started.
03/31/20 22:01:16 : Sensitivity analysis finished.
03/31/20 22:01:16 : Writing bulk data file ... OK
03/31/20 22:01:17 : === Optimization step 24 finished ===
+-- Objective/Constraint functions ---
| Iteration number 24
| Objective function [  1] :  1.6339383e+001 (326.788%)
| Objective function [  2] :  3.4177117e+001 (1288.423%)
| Objective function [sum] :  3.3967189e+000 (336.309%)
| Constraint function[  1] :  1.9999999e+004 (100.000%)
+---------------------------------------
| More 9 min. 46 sec. will be needed.
+-------------------------------------
03/31/20 22:01:17 : === Optimization step 25 started ===
03/31/20 22:01:17 : Speed analysis started...
03/31/20 22:01:23 : Speed analysis finished.
03/31/20 22:01:23 : Topology Optimization started.
03/31/20 22:01:25 : Topology Optimization finished.
03/31/20 22:01:25 : Static analysis [subcase1] started.
Intel(R) MKL PARDISO: [Sym][202-527MB][Num][Tri][746MB]...finished.
03/31/20 22:01:29 : Static analysis [subcase1] finished.
03/31/20 22:01:29 : Sensitivity analysis started.
03/31/20 22:01:30 : Sensitivity analysis finished.
03/31/20 22:01:30 : Static analysis [subcase2] started.
Intel(R) MKL PARDISO: [Sym][202-522MB][Num][Tri][718MB]...finished.
03/31/20 22:01:34 : Static analysis [subcase2] finished.
03/31/20 22:01:34 : Sensitivity analysis started.
03/31/20 22:01:35 : Sensitivity analysis finished.
03/31/20 22:01:36 : Writing bulk data file ... OK
----------------------------------------
Object[  1]  1.6332754e+001 (326.655%)
Object[  2]  4.2398172e+001 (1598.343%)
Object[sum]  3.4263851e+000 (339.246%)
Const [  1]  1.9999999e+004 (100.000%)
----------------------------------------
03/31/20 22:01:36 : Topology Optimization started.
03/31/20 22:01:39 : Topology Optimization finished.
03/31/20 22:01:40 : Static analysis [subcase1] started.
Intel(R) MKL PARDISO: [Sym][202-525MB][Num][Tri][744MB]...finished.
03/31/20 22:01:45 : Static analysis [subcase1] finished.
03/31/20 22:01:45 : Sensitivity analysis started.
03/31/20 22:01:46 : Sensitivity analysis finished.
03/31/20 22:01:46 : Static analysis [subcase2] started.
Intel(R) MKL PARDISO: [Sym][202-523MB][Num][Tri][714MB]...finished.
03/31/20 22:01:50 : Static analysis [subcase2] finished.
03/31/20 22:01:50 : Sensitivity analysis started.
03/31/20 22:01:51 : Sensitivity analysis finished.
03/31/20 22:01:52 : Writing bulk data file ... OK
03/31/20 22:01:52 : === Optimization step 25 finished ===
+-- Objective/Constraint functions ---
| Iteration number 25
| Objective function [  1] :  1.6322336e+001 (326.447%)
| Objective function [  2] :  3.3737607e+001 (1271.854%)
| Objective function [sum] :  3.3916527e+000 (335.807%)
| Constraint function[  1] :  1.9999999e+004 (100.000%)
+---------------------------------------
| More 9 min. 35 sec. will be needed.
+-------------------------------------
03/31/20 22:01:52 : === Optimization step 26 started ===
03/31/20 22:01:52 : Speed analysis started...
03/31/20 22:01:57 : Speed analysis finished.
03/31/20 22:01:57 : Topology Optimization started.
03/31/20 22:01:59 : Topology Optimization finished.
03/31/20 22:01:59 : Static analysis [subcase1] started.
Intel(R) MKL PARDISO: [Sym][202-527MB][Num][Tri][738MB]...finished.
03/31/20 22:02:04 : Static analysis [subcase1] finished.
03/31/20 22:02:04 : Sensitivity analysis started.
03/31/20 22:02:05 : Sensitivity analysis finished.
03/31/20 22:02:06 : Static analysis [subcase2] started.
Intel(R) MKL PARDISO: [Sym][202-522MB][Num][Tri][741MB]...finished.
03/31/20 22:02:10 : Static analysis [subcase2] finished.
03/31/20 22:02:10 : Sensitivity analysis started.
03/31/20 22:02:11 : Sensitivity analysis finished.
03/31/20 22:02:12 : Writing bulk data file ... OK
03/31/20 22:02:12 : === Optimization step 26 finished ===
+-- Objective/Constraint functions ---
| Iteration number 26
| Objective function [  1] :  1.6316034e+001 (326.321%)
| Objective function [  2] :  3.4713564e+001 (1308.646%)
| Objective function [sum] :  3.3940713e+000 (336.047%)
| Constraint function[  1] :  1.9999999e+004 (100.000%)
+---------------------------------------
| More 9 min. 10 sec. will be needed.
+-------------------------------------
03/31/20 22:02:13 : === Optimization step 27 started ===
03/31/20 22:02:13 : Speed analysis started.
03/31/20 22:02:17 : Speed analysis finished.
03/31/20 22:02:17 : Topology Optimization started.
03/31/20 22:02:19 : Topology Optimization finished.
03/31/20 22:02:20 : Static analysis [subcase1] started.
Intel(R) MKL PARDISO: [Sym][202-522MB][Num][Tri][722MB]...finished.
03/31/20 22:02:25 : Static analysis [subcase1] finished.
03/31/20 22:02:25 : Sensitivity analysis started.
03/31/20 22:02:26 : Sensitivity analysis finished.
03/31/20 22:02:26 : Static analysis [subcase2] started.
Intel(R) MKL PARDISO: [Sym][202-523MB][Num][Tri][727MB]...finished.
03/31/20 22:02:31 : Static analysis [subcase2] finished.
03/31/20 22:02:31 : Sensitivity analysis started.
03/31/20 22:02:32 : Sensitivity analysis finished.
03/31/20 22:02:33 : Writing bulk data file ... OK
----------------------------------------
Object[  1]  1.6331172e+001 (326.623%)
Object[  2]  3.3935065e+001 (1279.298%)
Object[sum]  3.3941642e+000 (336.056%)
Const [  1]  1.9999999e+004 (100.000%)
----------------------------------------
03/31/20 22:02:33 : Topology Optimization started.
03/31/20 22:02:35 : Topology Optimization finished.
03/31/20 22:02:35 : Static analysis [subcase1] started.
Intel(R) MKL PARDISO: [Sym][202-523MB][Num][Tri][727MB]...finished.
03/31/20 22:02:38 : Static analysis [subcase1] finished.
03/31/20 22:02:38 : Sensitivity analysis started.
03/31/20 22:02:39 : Sensitivity analysis finished.
03/31/20 22:02:39 : Static analysis [subcase2] started.
Intel(R) MKL PARDISO: [Sym][202-526MB][Num][Tri][717MB]...finished.
03/31/20 22:02:43 : Static analysis [subcase2] finished.
03/31/20 22:02:43 : Sensitivity analysis started.
03/31/20 22:02:45 : Sensitivity analysis finished.
03/31/20 22:02:47 : Writing bulk data file ... OK
03/31/20 22:02:47 : === Optimization step 27 finished ===
+-- Objective/Constraint functions ---
| Iteration number 27
| Objective function [  1] :  1.6321860e+001 (326.437%)
| Objective function [  2] :  3.3463602e+001 (1261.524%)
| Objective function [sum] :  3.3905244e+000 (335.695%)
| Constraint function[  1] :  1.9999999e+004 (100.000%)
+---------------------------------------
| More 8 min. 57 sec. will be needed.
+-------------------------------------
03/31/20 22:02:47 : === Optimization step 28 started ===
03/31/20 22:02:47 : Speed analysis started...
03/31/20 22:02:54 : Speed analysis finished.
03/31/20 22:02:54 : Topology Optimization started.
03/31/20 22:02:55 : Topology Optimization finished.
03/31/20 22:02:56 : Static analysis [subcase1] started.
Intel(R) MKL PARDISO: [Sym][202-523MB][Num][Tri][718MB]...finished.
03/31/20 22:02:59 : Static analysis [subcase1] finished.
03/31/20 22:02:59 : Sensitivity analysis started.
03/31/20 22:03:00 : Sensitivity analysis finished.
03/31/20 22:03:00 : Static analysis [subcase2] started.
Intel(R) MKL PARDISO: [Sym][202-524MB][Num][Tri][729MB]...finished.
03/31/20 22:03:04 : Static analysis [subcase2] finished.
03/31/20 22:03:04 : Sensitivity analysis started.
03/31/20 22:03:06 : Sensitivity analysis finished.
03/31/20 22:03:07 : Writing bulk data file ... OK
03/31/20 22:03:08 : === Optimization step 28 finished ===
+-- Objective/Constraint functions ---
| Iteration number 28
| Objective function [  1] :  1.6319464e+001 (326.389%)
| Objective function [  2] :  3.3637603e+001 (1268.084%)
| Objective function [sum] :  3.3907012e+000 (335.713%)
| Constraint function[  1] :  1.9999999e+004 (100.000%)
+---------------------------------------
| More 8 min. 32 sec. will be needed.
+-------------------------------------
03/31/20 22:03:08 : === Optimization step 29 started ===
03/31/20 22:03:08 : Speed analysis started...
03/31/20 22:03:15 : Speed analysis finished.
03/31/20 22:03:15 : Topology Optimization started.
03/31/20 22:03:17 : Topology Optimization finished.
03/31/20 22:03:17 : Static analysis [subcase1] started.
Intel(R) MKL PARDISO: [Sym][202-523MB][Num][Tri][733MB]...finished.
03/31/20 22:03:21 : Static analysis [subcase1] finished.
03/31/20 22:03:21 : Sensitivity analysis started.
03/31/20 22:03:22 : Sensitivity analysis finished.
03/31/20 22:03:22 : Static analysis [subcase2] started.
Intel(R) MKL PARDISO: [Sym][202-523MB][Num][Tri][726MB]...finished.
03/31/20 22:03:27 : Static analysis [subcase2] finished.
03/31/20 22:03:27 : Sensitivity analysis started.
03/31/20 22:03:28 : Sensitivity analysis finished.
03/31/20 22:03:29 : Writing bulk data file ... OK
03/31/20 22:03:29 : === Optimization step 29 finished ===
+-- Objective/Constraint functions ---
| Iteration number 29
| Objective function [  1] :  1.6324548e+001 (326.491%)
| Objective function [  2] :  3.3178525e+001 (1250.777%)
| Objective function [sum] :  3.3899874e+000 (335.642%)
| Constraint function[  1] :  1.9999999e+004 (100.000%)
+---------------------------------------
| More 8 min. 7 sec. will be needed.
+-------------------------------------
03/31/20 22:03:29 : === Optimization step 30 started ===
03/31/20 22:03:29 : Speed analysis started.
03/31/20 22:03:35 : Speed analysis finished.
03/31/20 22:03:35 : Topology Optimization started.
03/31/20 22:03:36 : Topology Optimization finished.
03/31/20 22:03:37 : Static analysis [subcase1] started.
Intel(R) MKL PARDISO: [Sym][202-523MB][Num][Tri][741MB]...finished.
03/31/20 22:03:41 : Static analysis [subcase1] finished.
03/31/20 22:03:41 : Sensitivity analysis started.
03/31/20 22:03:42 : Sensitivity analysis finished.
03/31/20 22:03:42 : Static analysis [subcase2] started.
Intel(R) MKL PARDISO: [Sym][202-522MB][Num][Tri][738MB]...finished.
03/31/20 22:03:48 : Static analysis [subcase2] finished.
03/31/20 22:03:48 : Sensitivity analysis started.
03/31/20 22:03:49 : Sensitivity analysis finished.
03/31/20 22:03:50 : Writing bulk data file ... OK
03/31/20 22:03:50 : === Optimization step 30 finished ===
+-- Objective/Constraint functions ---
| Iteration number 30
| Objective function [  1] :  1.6326633e+001 (326.533%)
| Objective function [  2] :  3.3501217e+001 (1262.942%)
| Objective function [sum] :  3.3916208e+000 (335.804%)
| Constraint function[  1] :  1.9999999e+004 (100.000%)
+---------------------------------------
| More 7 min. 42 sec. will be needed.
+-------------------------------------
03/31/20 22:03:50 : === Optimization step 31 started ===
03/31/20 22:03:50 : Speed analysis started...
03/31/20 22:03:55 : Speed analysis finished.
03/31/20 22:03:55 : Topology Optimization started.
03/31/20 22:03:57 : Topology Optimization finished.
03/31/20 22:03:57 : Static analysis [subcase1] started.
Intel(R) MKL PARDISO: [Sym][202-523MB][Num][Tri][738MB]...finished.
03/31/20 22:04:03 : Static analysis [subcase1] finished.
03/31/20 22:04:03 : Sensitivity analysis started.
03/31/20 22:04:04 : Sensitivity analysis finished.
03/31/20 22:04:04 : Static analysis [subcase2] started.
Intel(R) MKL PARDISO: [Sym][202-523MB][Num][Tri][733MB]...finished.
03/31/20 22:04:10 : Static analysis [subcase2] finished.
03/31/20 22:04:10 : Sensitivity analysis started.
03/31/20 22:04:11 : Sensitivity analysis finished.
03/31/20 22:04:12 : Writing bulk data file ... OK
----------------------------------------
Object[  1]  1.6334120e+001 (326.682%)
Object[  2]  3.3337212e+001 (1256.760%)
Object[sum]  3.3925000e+000 (335.891%)
Const [  1]  1.9999999e+004 (100.000%)
----------------------------------------
03/31/20 22:04:12 : Topology Optimization started.
03/31/20 22:04:14 : Topology Optimization finished.
03/31/20 22:04:14 : Static analysis [subcase1] started.
Intel(R) MKL PARDISO: [Sym][202-523MB][Num][Tri][746MB]...finished.
03/31/20 22:04:18 : Static analysis [subcase1] finished.
03/31/20 22:04:18 : Sensitivity analysis started.
03/31/20 22:04:19 : Sensitivity analysis finished.
03/31/20 22:04:19 : Static analysis [subcase2] started.
Intel(R) MKL PARDISO: [Sym][202-522MB][Num][Tri][746MB]...finished.
03/31/20 22:04:23 : Static analysis [subcase2] finished.
03/31/20 22:04:23 : Sensitivity analysis started.
03/31/20 22:04:25 : Sensitivity analysis finished.
03/31/20 22:04:26 : Writing bulk data file ... OK
03/31/20 22:04:27 : === Optimization step 31 finished ===
+-- Objective/Constraint functions ---
| Iteration number 31
| Objective function [  1] :  1.6331342e+001 (326.627%)
| Objective function [  2] :  3.3360811e+001 (1257.649%)
| Objective function [sum] :  3.3920334e+000 (335.845%)
| Constraint function[  1] :  1.9999999e+004 (100.000%)
+---------------------------------------
| More 7 min. 27 sec. will be needed.
+-------------------------------------
+-------------------------------
| OPTISHAPE-TS has converged    
+-------------------------------
03/31/20 22:04:27 : === Optimization finished ===
+--- Analysis Summary ---
|[Subcase 1]
| Static Analysis
|  Max. Displacement: 2.2150022e-001 (Node ID = 28522)
|   TX: 2.1486151e-001  TY:-5.3822621e-002  TZ: 5.4427716e-005
|   RX: 0.0000000e+000  RY: 0.0000000e+000  RZ: 0.0000000e+000
|  Max. Mises Stress of Solid/Shell Element: 1.9805475e+000
| 
|[Subcase 2]
| Static Analysis
|  Max. Displacement: 8.0368797e-001 (Node ID = 31699)
|   TX: 7.3951967e-001  TY:-3.1468238e-001  TZ:-1.2125154e-004
|   RX: 0.0000000e+000  RY: 0.0000000e+000  RZ: 0.0000000e+000
|  Max. Mises Stress of Solid/Shell Element: 1.4274185e+001
| 
| Assigned Memory   :   16000[MB]
| Max. Memory Usage :     986[MB]
| Elapsed Time      :   755.0[Sec]  ( 0 Hour 12 Min 35.0 Sec)
| CPU Time          :   753.4[Sec]  ( 0 Hour 12 Min 33.4 Sec)
+------------------------
+--------------------------------
| OPTISHAPE-TS Topology Finished 
+--------------------------------
